<?xml version="1.0" encoding="UTF-8"?>
<coverage generated="1742767072760" clover="3.2.0">
  <project timestamp="1742767072760" name="All files">
    <metrics statements="546" coveredstatements="416" conditionals="461" coveredconditionals="330" methods="146" coveredmethods="121" elements="1153" coveredelements="867" complexity="0" loc="546" ncloc="546" packages="6" files="24" classes="24"/>
    <package name="components">
      <metrics statements="305" coveredstatements="283" conditionals="303" coveredconditionals="260" methods="96" coveredmethods="89"/>
      <file name="AIPlayerConfig.tsx" path="/app/frontend/src/components/AIPlayerConfig.tsx">
        <metrics statements="32" coveredstatements="31" conditionals="26" coveredconditionals="21" methods="9" coveredmethods="9"/>
        <line num="15" count="1" type="stmt"/>
        <line num="16" count="22" type="stmt"/>
        <line num="17" count="22" type="stmt"/>
        <line num="18" count="22" type="stmt"/>
        <line num="20" count="22" type="stmt"/>
        <line num="21" count="6" type="cond" truecount="1" falsecount="1"/>
        <line num="22" count="0" type="stmt"/>
        <line num="25" count="6" type="stmt"/>
        <line num="26" count="6" type="stmt"/>
        <line num="28" count="6" type="stmt"/>
        <line num="29" count="6" type="stmt"/>
        <line num="30" count="6" type="stmt"/>
        <line num="32" count="6" type="stmt"/>
        <line num="45" count="5" type="stmt"/>
        <line num="48" count="5" type="stmt"/>
        <line num="56" count="5" type="stmt"/>
        <line num="58" count="1" type="stmt"/>
        <line num="61" count="1" type="stmt"/>
        <line num="62" count="1" type="cond" truecount="3" falsecount="1"/>
        <line num="64" count="1" type="cond" truecount="3" falsecount="1"/>
        <line num="65" count="1" type="stmt"/>
        <line num="69" count="1" type="stmt"/>
        <line num="70" count="1" type="stmt"/>
        <line num="74" count="22" type="stmt"/>
        <line num="77" count="1" type="stmt"/>
        <line num="80" count="22" type="stmt"/>
        <line num="83" count="1" type="stmt"/>
        <line num="84" count="1" type="cond" truecount="1" falsecount="1"/>
        <line num="88" count="22" type="stmt"/>
        <line num="123" count="6" type="stmt"/>
        <line num="128" count="1" type="stmt"/>
        <line num="139" count="1" type="stmt"/>
      </file>
      <file name="AuthLayout.tsx" path="/app/frontend/src/components/AuthLayout.tsx">
        <metrics statements="2" coveredstatements="2" conditionals="9" coveredconditionals="9" methods="1" coveredmethods="1"/>
        <line num="14" count="2" type="stmt"/>
        <line num="21" count="7" type="stmt"/>
      </file>
      <file name="Card.tsx" path="/app/frontend/src/components/Card.tsx">
        <metrics statements="13" coveredstatements="12" conditionals="16" coveredconditionals="13" methods="4" coveredmethods="3"/>
        <line num="4" count="3" type="stmt"/>
        <line num="5" count="73" type="stmt"/>
        <line num="6" count="4" type="stmt"/>
        <line num="7" count="4" type="cond" truecount="2" falsecount="0"/>
        <line num="8" count="3" type="stmt"/>
        <line num="12" count="73" type="stmt"/>
        <line num="13" count="0" type="cond" truecount="0" falsecount="2"/>
        <line num="16" count="73" type="stmt"/>
        <line num="17" count="73" type="stmt"/>
        <line num="23" count="73" type="cond" truecount="1" falsecount="1"/>
        <line num="26" count="73" type="stmt"/>
        <line num="27" count="73" type="stmt"/>
        <line num="29" count="73" type="stmt"/>
      </file>
      <file name="GameActions.tsx" path="/app/frontend/src/components/GameActions.tsx">
        <metrics statements="7" coveredstatements="4" conditionals="22" coveredconditionals="21" methods="2" coveredmethods="1"/>
        <line num="4" count="2" type="stmt"/>
        <line num="14" count="23" type="stmt"/>
        <line num="21" count="0" type="stmt"/>
        <line num="26" count="0" type="stmt"/>
        <line num="47" count="0" type="stmt"/>
        <line num="60" count="23" type="cond" truecount="3" falsecount="0"/>
        <line num="62" count="23" type="stmt"/>
      </file>
      <file name="GameBoard.tsx" path="/app/frontend/src/components/GameBoard.tsx">
        <metrics statements="9" coveredstatements="9" conditionals="25" coveredconditionals="22" methods="6" coveredmethods="5"/>
        <line num="7" count="1" type="stmt"/>
        <line num="28" count="1" type="stmt"/>
        <line num="41" count="13" type="stmt"/>
        <line num="42" count="13" type="stmt"/>
        <line num="43" count="13" type="stmt"/>
        <line num="44" count="26" type="stmt"/>
        <line num="46" count="13" type="stmt"/>
        <line num="72" count="1" type="stmt"/>
        <line num="99" count="39" type="stmt"/>
      </file>
      <file name="GameSetupForm.tsx" path="/app/frontend/src/components/GameSetupForm.tsx">
        <metrics statements="19" coveredstatements="18" conditionals="26" coveredconditionals="23" methods="5" coveredmethods="5"/>
        <line num="25" count="1" type="stmt"/>
        <line num="31" count="11" type="stmt"/>
        <line num="32" count="4" type="stmt"/>
        <line num="34" count="4" type="cond" truecount="2" falsecount="0"/>
        <line num="35" count="1" type="stmt"/>
        <line num="36" count="1" type="stmt"/>
        <line num="37" count="3" type="cond" truecount="1" falsecount="1"/>
        <line num="38" count="0" type="stmt"/>
        <line num="40" count="3" type="stmt"/>
        <line num="44" count="11" type="stmt"/>
        <line num="66" count="27" type="stmt"/>
        <line num="74" count="9" type="cond" truecount="1" falsecount="1"/>
        <line num="133" count="4" type="stmt"/>
        <line num="135" count="4" type="cond" truecount="5" falsecount="0"/>
        <line num="136" count="2" type="stmt"/>
        <line num="137" count="2" type="cond" truecount="4" falsecount="0"/>
        <line num="138" count="1" type="stmt"/>
        <line num="139" count="1" type="cond" truecount="1" falsecount="1"/>
        <line num="140" count="1" type="stmt"/>
      </file>
      <file name="LoginForm.tsx" path="/app/frontend/src/components/LoginForm.tsx">
        <metrics statements="37" coveredstatements="36" conditionals="30" coveredconditionals="27" methods="4" coveredmethods="4"/>
        <line num="6" count="2" type="stmt"/>
        <line num="7" count="59" type="stmt"/>
        <line num="8" count="59" type="stmt"/>
        <line num="12" count="59" type="stmt"/>
        <line num="13" count="59" type="stmt"/>
        <line num="15" count="59" type="stmt"/>
        <line num="16" count="24" type="stmt"/>
        <line num="17" count="24" type="stmt"/>
        <line num="23" count="59" type="stmt"/>
        <line num="24" count="11" type="stmt"/>
        <line num="25" count="11" type="stmt"/>
        <line num="26" count="11" type="stmt"/>
        <line num="28" count="11" type="stmt"/>
        <line num="29" count="11" type="stmt"/>
        <line num="37" count="3" type="cond" truecount="1" falsecount="1"/>
        <line num="38" count="3" type="stmt"/>
        <line num="39" count="3" type="stmt"/>
        <line num="40" count="3" type="stmt"/>
        <line num="44" count="3" type="stmt"/>
        <line num="46" count="8" type="cond" truecount="4" falsecount="0"/>
        <line num="47" count="6" type="stmt"/>
        <line num="48" count="6" type="stmt"/>
        <line num="51" count="6" type="cond" truecount="2" falsecount="0"/>
        <line num="52" count="2" type="stmt"/>
        <line num="53" count="4" type="cond" truecount="2" falsecount="0"/>
        <line num="54" count="1" type="cond" truecount="1" falsecount="1"/>
        <line num="57" count="3" type="cond" truecount="2" falsecount="0"/>
        <line num="59" count="1" type="stmt"/>
        <line num="63" count="6" type="stmt"/>
        <line num="65" count="7" type="cond" truecount="4" falsecount="0"/>
        <line num="66" count="4" type="cond" truecount="2" falsecount="0"/>
        <line num="71" count="6" type="cond" truecount="1" falsecount="1"/>
        <line num="72" count="0" type="stmt"/>
        <line num="75" count="6" type="stmt"/>
        <line num="77" count="2" type="stmt"/>
        <line num="79" count="8" type="stmt"/>
        <line num="83" count="59" type="stmt"/>
      </file>
      <file name="Modal.tsx" path="/app/frontend/src/components/Modal.tsx">
        <metrics statements="10" coveredstatements="10" conditionals="6" coveredconditionals="6" methods="5" coveredmethods="5"/>
        <line num="4" count="3" type="stmt"/>
        <line num="5" count="34" type="stmt"/>
        <line num="6" count="34" type="stmt"/>
        <line num="7" count="4" type="cond" truecount="4" falsecount="0"/>
        <line num="8" count="2" type="stmt"/>
        <line num="12" count="34" type="stmt"/>
        <line num="13" count="34" type="stmt"/>
        <line num="16" count="34" type="cond" truecount="2" falsecount="0"/>
        <line num="18" count="18" type="stmt"/>
        <line num="30" count="6" type="stmt"/>
      </file>
      <file name="PlayerHand.tsx" path="/app/frontend/src/components/PlayerHand.tsx">
        <metrics statements="35" coveredstatements="26" conditionals="21" coveredconditionals="15" methods="13" coveredmethods="9"/>
        <line num="5" count="2" type="stmt"/>
        <line num="13" count="22" type="stmt"/>
        <line num="15" count="22" type="stmt"/>
        <line num="16" count="116" type="cond" truecount="2" falsecount="0"/>
        <line num="17" count="110" type="cond" truecount="2" falsecount="2"/>
        <line num="18" count="110" type="cond" truecount="2" falsecount="0"/>
        <line num="21" count="22" type="stmt"/>
        <line num="22" count="22" type="cond" truecount="2" falsecount="0"/>
        <line num="23" count="21" type="stmt"/>
        <line num="24" count="21" type="stmt"/>
        <line num="25" count="55" type="cond" truecount="1" falsecount="1"/>
        <line num="26" count="55" type="stmt"/>
        <line num="28" count="55" type="stmt"/>
        <line num="31" count="21" type="stmt"/>
        <line num="32" count="55" type="stmt"/>
        <line num="33" count="0" type="stmt"/>
        <line num="34" count="0" type="stmt"/>
        <line num="37" count="21" type="stmt"/>
        <line num="40" count="1" type="stmt"/>
        <line num="42" count="4" type="stmt"/>
        <line num="43" count="4" type="stmt"/>
        <line num="49" count="22" type="stmt"/>
        <line num="50" count="0" type="cond" truecount="0" falsecount="2"/>
        <line num="51" count="0" type="stmt"/>
        <line num="52" count="0" type="stmt"/>
        <line num="54" count="0" type="stmt"/>
        <line num="55" count="0" type="stmt"/>
        <line num="58" count="22" type="stmt"/>
        <line num="59" count="0" type="stmt"/>
        <line num="62" count="22" type="stmt"/>
        <line num="63" count="56" type="stmt"/>
        <line num="64" count="58" type="stmt"/>
        <line num="72" count="0" type="stmt"/>
        <line num="84" count="22" type="stmt"/>
        <line num="91" count="55" type="stmt"/>
      </file>
      <file name="PlayerInviteSection.tsx" path="/app/frontend/src/components/PlayerInviteSection.tsx">
        <metrics statements="33" coveredstatements="31" conditionals="22" coveredconditionals="19" methods="12" coveredmethods="12"/>
        <line num="17" count="1" type="stmt"/>
        <line num="22" count="32" type="stmt"/>
        <line num="23" count="32" type="stmt"/>
        <line num="24" count="32" type="stmt"/>
        <line num="25" count="32" type="stmt"/>
        <line num="28" count="32" type="stmt"/>
        <line num="30" count="32" type="stmt"/>
        <line num="31" count="8" type="cond" truecount="1" falsecount="1"/>
        <line num="32" count="0" type="stmt"/>
        <line num="33" count="0" type="stmt"/>
        <line num="36" count="8" type="stmt"/>
        <line num="37" count="8" type="stmt"/>
        <line num="39" count="8" type="stmt"/>
        <line num="40" count="8" type="stmt"/>
        <line num="41" count="8" type="stmt"/>
        <line num="51" count="6" type="stmt"/>
        <line num="52" count="22" type="stmt"/>
        <line num="56" count="7" type="stmt"/>
        <line num="61" count="6" type="stmt"/>
        <line num="62" count="6" type="stmt"/>
        <line num="64" count="2" type="stmt"/>
        <line num="65" count="2" type="stmt"/>
        <line num="66" count="2" type="stmt"/>
        <line num="71" count="32" type="stmt"/>
        <line num="72" count="17" type="stmt"/>
        <line num="73" count="7" type="cond" truecount="1" falsecount="1"/>
        <line num="74" count="7" type="stmt"/>
        <line num="78" count="17" type="stmt"/>
        <line num="81" count="32" type="stmt"/>
        <line num="100" count="8" type="stmt"/>
        <line num="122" count="7" type="stmt"/>
        <line num="125" count="1" type="stmt"/>
        <line num="144" count="96" type="stmt"/>
      </file>
      <file name="PlayerList.tsx" path="/app/frontend/src/components/PlayerList.tsx">
        <metrics statements="4" coveredstatements="4" conditionals="13" coveredconditionals="12" methods="3" coveredmethods="3"/>
        <line num="11" count="2" type="stmt"/>
        <line num="17" count="18" type="stmt"/>
        <line num="22" count="45" type="stmt"/>
        <line num="53" count="2" type="stmt"/>
      </file>
      <file name="PlayerManagement.tsx" path="/app/frontend/src/components/PlayerManagement.tsx">
        <metrics statements="5" coveredstatements="5" conditionals="4" coveredconditionals="4" methods="4" coveredmethods="4"/>
        <line num="6" count="1" type="stmt"/>
        <line num="14" count="9" type="stmt"/>
        <line num="16" count="9" type="stmt"/>
        <line num="21" count="1" type="stmt"/>
        <line num="22" count="18" type="stmt"/>
      </file>
      <file name="PlayerRegistration.tsx" path="/app/frontend/src/components/PlayerRegistration.tsx">
        <metrics statements="40" coveredstatements="40" conditionals="52" coveredconditionals="42" methods="6" coveredmethods="6"/>
        <line num="25" count="2" type="stmt"/>
        <line num="26" count="110" type="stmt"/>
        <line num="27" count="110" type="stmt"/>
        <line num="38" count="110" type="stmt"/>
        <line num="39" count="110" type="stmt"/>
        <line num="40" count="110" type="stmt"/>
        <line num="42" count="110" type="stmt"/>
        <line num="43" count="71" type="stmt"/>
        <line num="44" count="71" type="stmt"/>
        <line num="50" count="110" type="stmt"/>
        <line num="51" count="12" type="stmt"/>
        <line num="52" count="12" type="stmt"/>
        <line num="53" count="12" type="stmt"/>
        <line num="54" count="12" type="stmt"/>
        <line num="56" count="12" type="stmt"/>
        <line num="57" count="12" type="stmt"/>
        <line num="70" count="4" type="stmt"/>
        <line num="72" count="4" type="stmt"/>
        <line num="84" count="4" type="stmt"/>
        <line num="85" count="3" type="stmt"/>
        <line num="89" count="8" type="cond" truecount="4" falsecount="0"/>
        <line num="90" count="6" type="stmt"/>
        <line num="93" count="6" type="stmt"/>
        <line num="96" count="6" type="cond" truecount="2" falsecount="0"/>
        <line num="97" count="1" type="stmt"/>
        <line num="100" count="6" type="cond" truecount="2" falsecount="0"/>
        <line num="101" count="1" type="cond" truecount="1" falsecount="1"/>
        <line num="107" count="6" type="stmt"/>
        <line num="119" count="6" type="stmt"/>
        <line num="121" count="11" type="cond" truecount="4" falsecount="0"/>
        <line num="122" count="9" type="cond" truecount="1" falsecount="1"/>
        <line num="123" count="9" type="cond" truecount="1" falsecount="1"/>
        <line num="127" count="6" type="stmt"/>
        <line num="129" count="2" type="stmt"/>
        <line num="131" count="8" type="stmt"/>
        <line num="136" count="110" type="stmt"/>
        <line num="137" count="13" type="stmt"/>
        <line num="138" count="13" type="cond" truecount="1" falsecount="1"/>
        <line num="139" count="13" type="cond" truecount="1" falsecount="1"/>
        <line num="142" count="110" type="stmt"/>
      </file>
      <file name="PlayerSearch.tsx" path="/app/frontend/src/components/PlayerSearch.tsx">
        <metrics statements="29" coveredstatements="26" conditionals="17" coveredconditionals="13" methods="8" coveredmethods="8"/>
        <line num="11" count="1" type="cond" truecount="1" falsecount="0"/>
        <line num="12" count="19" type="stmt"/>
        <line num="13" count="19" type="stmt"/>
        <line num="14" count="19" type="stmt"/>
        <line num="15" count="19" type="stmt"/>
        <line num="17" count="19" type="stmt"/>
        <line num="19" count="6" type="cond" truecount="1" falsecount="1"/>
        <line num="20" count="0" type="stmt"/>
        <line num="21" count="0" type="stmt"/>
        <line num="24" count="6" type="stmt"/>
        <line num="25" count="6" type="stmt"/>
        <line num="27" count="6" type="stmt"/>
        <line num="28" count="6" type="stmt"/>
        <line num="29" count="5" type="cond" truecount="1" falsecount="1"/>
        <line num="30" count="0" type="stmt"/>
        <line num="33" count="5" type="stmt"/>
        <line num="34" count="10" type="stmt"/>
        <line num="36" count="5" type="stmt"/>
        <line num="38" count="1" type="cond" truecount="1" falsecount="1"/>
        <line num="39" count="1" type="stmt"/>
        <line num="41" count="6" type="stmt"/>
        <line num="47" count="19" type="stmt"/>
        <line num="48" count="18" type="stmt"/>
        <line num="49" count="18" type="stmt"/>
        <line num="50" count="18" type="stmt"/>
        <line num="54" count="19" type="stmt"/>
        <line num="60" count="6" type="stmt"/>
        <line num="76" count="7" type="stmt"/>
        <line num="81" count="1" type="stmt"/>
      </file>
      <file name="SpecialCardActions.tsx" path="/app/frontend/src/components/SpecialCardActions.tsx">
        <metrics statements="30" coveredstatements="29" conditionals="14" coveredconditionals="13" methods="14" coveredmethods="14"/>
        <line num="5" count="2" type="stmt"/>
        <line num="15" count="21" type="stmt"/>
        <line num="16" count="1" type="stmt"/>
        <line num="17" count="1" type="stmt"/>
        <line num="20" count="21" type="stmt"/>
        <line num="21" count="1" type="stmt"/>
        <line num="22" count="1" type="stmt"/>
        <line num="25" count="21" type="stmt"/>
        <line num="26" count="2" type="stmt"/>
        <line num="27" count="2" type="stmt"/>
        <line num="30" count="21" type="stmt"/>
        <line num="31" count="16" type="stmt"/>
        <line num="33" count="64" type="stmt"/>
        <line num="35" count="1" type="stmt"/>
        <line num="48" count="21" type="stmt"/>
        <line num="49" count="2" type="stmt"/>
        <line num="51" count="4" type="stmt"/>
        <line num="53" count="1" type="stmt"/>
        <line num="63" count="21" type="stmt"/>
        <line num="64" count="3" type="stmt"/>
        <line num="73" count="1" type="stmt"/>
        <line num="80" count="1" type="stmt"/>
        <line num="90" count="21" type="stmt"/>
        <line num="91" count="21" type="cond" truecount="3" falsecount="1"/>
        <line num="93" count="16" type="stmt"/>
        <line num="98" count="2" type="stmt"/>
        <line num="103" count="3" type="stmt"/>
        <line num="108" count="0" type="stmt"/>
        <line num="115" count="21" type="stmt"/>
        <line num="117" count="21" type="stmt"/>
      </file>
    </package>
    <package name="pages">
      <metrics statements="105" coveredstatements="61" conditionals="68" coveredconditionals="37" methods="17" coveredmethods="12"/>
      <file name="_app.tsx" path="/app/frontend/src/pages/_app.tsx">
        <metrics statements="48" coveredstatements="13" conditionals="30" coveredconditionals="6" methods="6" coveredmethods="3"/>
        <line num="10" count="1" type="stmt"/>
        <line num="14" count="8" type="stmt"/>
        <line num="16" count="8" type="stmt"/>
        <line num="19" count="8" type="stmt"/>
        <line num="20" count="8" type="cond" truecount="2" falsecount="0"/>
        <line num="21" count="2" type="stmt"/>
        <line num="25" count="8" type="stmt"/>
        <line num="28" count="2" type="stmt"/>
        <line num="29" count="2" type="cond" truecount="2" falsecount="0"/>
        <line num="30" count="1" type="stmt"/>
        <line num="32" count="2" type="stmt"/>
        <line num="35" count="0" type="stmt"/>
        <line num="40" count="8" type="stmt"/>
        <line num="42" count="0" type="stmt"/>
        <line num="45" count="0" type="stmt"/>
        <line num="48" count="0" type="cond" truecount="0" falsecount="4"/>
        <line num="49" count="0" type="stmt"/>
        <line num="51" count="0" type="stmt"/>
        <line num="52" count="0" type="stmt"/>
        <line num="53" count="0" type="cond" truecount="0" falsecount="2"/>
        <line num="54" count="0" type="stmt"/>
        <line num="55" count="0" type="stmt"/>
        <line num="59" count="0" type="cond" truecount="0" falsecount="2"/>
        <line num="61" count="0" type="stmt"/>
        <line num="62" count="0" type="stmt"/>
        <line num="63" count="0" type="stmt"/>
        <line num="66" count="0" type="stmt"/>
        <line num="69" count="0" type="stmt"/>
        <line num="72" count="0" type="cond" truecount="0" falsecount="2"/>
        <line num="73" count="0" type="cond" truecount="0" falsecount="2"/>
        <line num="75" count="0" type="stmt"/>
        <line num="76" count="0" type="cond" truecount="0" falsecount="2"/>
        <line num="78" count="0" type="stmt"/>
        <line num="83" count="0" type="cond" truecount="0" falsecount="2"/>
        <line num="84" count="0" type="stmt"/>
        <line num="85" count="0" type="stmt"/>
        <line num="90" count="0" type="cond" truecount="0" falsecount="2"/>
        <line num="91" count="0" type="stmt"/>
        <line num="95" count="0" type="stmt"/>
        <line num="97" count="0" type="cond" truecount="0" falsecount="2"/>
        <line num="98" count="0" type="stmt"/>
        <line num="99" count="0" type="stmt"/>
        <line num="102" count="0" type="cond" truecount="0" falsecount="2"/>
        <line num="104" count="0" type="stmt"/>
        <line num="108" count="0" type="cond" truecount="0" falsecount="2"/>
        <line num="109" count="0" type="stmt"/>
        <line num="112" count="0" type="stmt"/>
        <line num="117" count="8" type="stmt"/>
      </file>
      <file name="dashboard.tsx" path="/app/frontend/src/pages/dashboard.tsx">
        <metrics statements="51" coveredstatements="42" conditionals="38" coveredconditionals="31" methods="8" coveredmethods="6"/>
        <line num="6" count="1" type="stmt"/>
        <line num="7" count="14" type="stmt"/>
        <line num="8" count="14" type="stmt"/>
        <line num="9" count="14" type="stmt"/>
        <line num="10" count="14" type="stmt"/>
        <line num="12" count="14" type="stmt"/>
        <line num="14" count="8" type="cond" truecount="2" falsecount="0"/>
        <line num="15" count="1" type="stmt"/>
        <line num="16" count="1" type="stmt"/>
        <line num="19" count="7" type="stmt"/>
        <line num="20" count="7" type="stmt"/>
        <line num="22" count="7" type="stmt"/>
        <line num="23" count="7" type="stmt"/>
        <line num="28" count="4" type="stmt"/>
        <line num="29" count="4" type="stmt"/>
        <line num="31" count="2" type="stmt"/>
        <line num="34" count="2" type="cond" truecount="1" falsecount="1"/>
        <line num="35" count="2" type="cond" truecount="2" falsecount="0"/>
        <line num="36" count="1" type="stmt"/>
        <line num="37" count="1" type="stmt"/>
        <line num="39" count="1" type="stmt"/>
        <line num="40" count="1" type="stmt"/>
        <line num="42" count="1" type="cond" truecount="1" falsecount="1"/>
        <line num="44" count="1" type="stmt"/>
        <line num="45" count="1" type="stmt"/>
        <line num="48" count="0" type="cond" truecount="0" falsecount="3"/>
        <line num="51" count="0" type="stmt"/>
        <line num="54" count="0" type="stmt"/>
        <line num="56" count="2" type="stmt"/>
        <line num="60" count="7" type="stmt"/>
        <line num="63" count="14" type="stmt"/>
        <line num="64" count="1" type="stmt"/>
        <line num="65" count="1" type="stmt"/>
        <line num="68" count="1" type="cond" truecount="1" falsecount="1"/>
        <line num="69" count="1" type="stmt"/>
        <line num="70" count="1" type="stmt"/>
        <line num="79" count="0" type="stmt"/>
        <line num="84" count="1" type="stmt"/>
        <line num="85" count="1" type="stmt"/>
        <line num="87" count="1" type="stmt"/>
        <line num="89" count="0" type="stmt"/>
        <line num="90" count="0" type="stmt"/>
        <line num="94" count="14" type="cond" truecount="2" falsecount="0"/>
        <line num="95" count="8" type="stmt"/>
        <line num="102" count="6" type="cond" truecount="2" falsecount="0"/>
        <line num="103" count="1" type="stmt"/>
        <line num="110" count="0" type="stmt"/>
        <line num="117" count="0" type="stmt"/>
        <line num="118" count="0" type="stmt"/>
        <line num="130" count="5" type="stmt"/>
        <line num="190" count="1" type="stmt"/>
      </file>
      <file name="index.tsx" path="/app/frontend/src/pages/index.tsx">
        <metrics statements="2" coveredstatements="2" conditionals="0" coveredconditionals="0" methods="1" coveredmethods="1"/>
        <line num="5" count="2" type="stmt"/>
        <line num="6" count="5" type="stmt"/>
      </file>
      <file name="login.tsx" path="/app/frontend/src/pages/login.tsx">
        <metrics statements="2" coveredstatements="2" conditionals="0" coveredconditionals="0" methods="1" coveredmethods="1"/>
        <line num="5" count="1" type="stmt"/>
        <line num="6" count="8" type="stmt"/>
      </file>
      <file name="register.tsx" path="/app/frontend/src/pages/register.tsx">
        <metrics statements="2" coveredstatements="2" conditionals="0" coveredconditionals="0" methods="1" coveredmethods="1"/>
        <line num="5" count="1" type="stmt"/>
        <line num="6" count="9" type="stmt"/>
      </file>
    </package>
    <package name="pages.game">
      <metrics statements="93" coveredstatements="31" conditionals="75" coveredconditionals="23" methods="15" coveredmethods="4"/>
      <file name="start.tsx" path="/app/frontend/src/pages/game/start.tsx">
        <metrics statements="93" coveredstatements="31" conditionals="75" coveredconditionals="23" methods="15" coveredmethods="4"/>
        <line num="24" count="1" type="stmt"/>
        <line num="25" count="34" type="stmt"/>
        <line num="26" count="34" type="stmt"/>
        <line num="27" count="33" type="stmt"/>
        <line num="28" count="33" type="stmt"/>
        <line num="29" count="33" type="stmt"/>
        <line num="30" count="33" type="stmt"/>
        <line num="31" count="33" type="stmt"/>
        <line num="38" count="33" type="stmt"/>
        <line num="40" count="33" type="stmt"/>
        <line num="42" count="26" type="cond" truecount="2" falsecount="0"/>
        <line num="43" count="1" type="stmt"/>
        <line num="44" count="1" type="stmt"/>
        <line num="48" count="25" type="stmt"/>
        <line num="51" count="33" type="stmt"/>
        <line num="52" count="25" type="stmt"/>
        <line num="53" count="25" type="stmt"/>
        <line num="54" count="25" type="stmt"/>
        <line num="55" count="25" type="stmt"/>
        <line num="64" count="25" type="stmt"/>
        <line num="66" count="25" type="cond" truecount="1" falsecount="1"/>
        <line num="68" count="25" type="cond" truecount="3" falsecount="2"/>
        <line num="69" count="25" type="cond" truecount="1" falsecount="1"/>
        <line num="71" count="25" type="cond" truecount="3" falsecount="1"/>
        <line num="72" count="25" type="stmt"/>
        <line num="76" count="0" type="cond" truecount="0" falsecount="2"/>
        <line num="77" count="0" type="stmt"/>
        <line num="84" count="0" type="stmt"/>
        <line num="85" count="0" type="stmt"/>
        <line num="93" count="0" type="stmt"/>
        <line num="94" count="0" type="stmt"/>
        <line num="100" count="0" type="stmt"/>
        <line num="102" count="0" type="stmt"/>
        <line num="103" count="0" type="stmt"/>
        <line num="111" count="0" type="stmt"/>
        <line num="112" count="0" type="stmt"/>
        <line num="117" count="25" type="stmt"/>
        <line num="121" count="33" type="stmt"/>
        <line num="122" count="0" type="stmt"/>
        <line num="125" count="33" type="stmt"/>
        <line num="126" count="0" type="stmt"/>
        <line num="127" count="0" type="stmt"/>
        <line num="129" count="0" type="cond" truecount="0" falsecount="2"/>
        <line num="130" count="0" type="stmt"/>
        <line num="131" count="0" type="stmt"/>
        <line num="132" count="0" type="stmt"/>
        <line num="135" count="0" type="stmt"/>
        <line num="136" count="0" type="stmt"/>
        <line num="137" count="0" type="stmt"/>
        <line num="153" count="0" type="stmt"/>
        <line num="155" count="0" type="cond" truecount="0" falsecount="2"/>
        <line num="156" count="0" type="stmt"/>
        <line num="158" count="0" type="stmt"/>
        <line num="161" count="0" type="stmt"/>
        <line num="162" count="0" type="cond" truecount="0" falsecount="4"/>
        <line num="164" count="0" type="cond" truecount="0" falsecount="4"/>
        <line num="165" count="0" type="stmt"/>
        <line num="169" count="0" type="stmt"/>
        <line num="170" count="0" type="stmt"/>
        <line num="174" count="33" type="stmt"/>
        <line num="175" count="0" type="cond" truecount="0" falsecount="2"/>
        <line num="176" count="0" type="stmt"/>
        <line num="177" count="0" type="stmt"/>
        <line num="180" count="0" type="stmt"/>
        <line num="181" count="0" type="stmt"/>
        <line num="182" count="0" type="stmt"/>
        <line num="193" count="0" type="stmt"/>
        <line num="196" count="0" type="stmt"/>
        <line num="206" count="0" type="stmt"/>
        <line num="209" count="0" type="stmt"/>
        <line num="210" count="0" type="cond" truecount="0" falsecount="4"/>
        <line num="212" count="0" type="cond" truecount="0" falsecount="4"/>
        <line num="213" count="0" type="stmt"/>
        <line num="217" count="0" type="stmt"/>
        <line num="221" count="33" type="stmt"/>
        <line num="222" count="0" type="cond" truecount="0" falsecount="2"/>
        <line num="223" count="0" type="stmt"/>
        <line num="224" count="0" type="stmt"/>
        <line num="227" count="0" type="stmt"/>
        <line num="228" count="0" type="stmt"/>
        <line num="230" count="0" type="stmt"/>
        <line num="231" count="0" type="stmt"/>
        <line num="232" count="0" type="stmt"/>
        <line num="241" count="0" type="stmt"/>
        <line num="244" count="0" type="stmt"/>
        <line num="247" count="0" type="stmt"/>
        <line num="250" count="0" type="stmt"/>
        <line num="251" count="0" type="cond" truecount="0" falsecount="4"/>
        <line num="253" count="0" type="cond" truecount="0" falsecount="4"/>
        <line num="254" count="0" type="stmt"/>
        <line num="258" count="0" type="stmt"/>
        <line num="259" count="0" type="stmt"/>
        <line num="263" count="33" type="stmt"/>
      </file>
    </package>
    <package name="services">
      <metrics statements="20" coveredstatements="18" conditionals="11" coveredconditionals="8" methods="10" coveredmethods="8"/>
      <file name="api.ts" path="/app/frontend/src/services/api.ts">
        <metrics statements="20" coveredstatements="18" conditionals="11" coveredconditionals="8" methods="10" coveredmethods="8"/>
        <line num="3" count="2" type="cond" truecount="1" falsecount="1"/>
        <line num="50" count="7" type="stmt"/>
        <line num="51" count="7" type="stmt"/>
        <line num="52" count="7" type="stmt"/>
        <line num="58" count="7" type="stmt"/>
        <line num="63" count="7" type="cond" truecount="2" falsecount="0"/>
        <line num="64" count="1" type="stmt"/>
        <line num="65" count="1" type="cond" truecount="1" falsecount="1"/>
        <line num="68" count="6" type="stmt"/>
        <line num="69" count="6" type="stmt"/>
        <line num="71" count="1" type="stmt"/>
        <line num="80" count="1" type="stmt"/>
        <line num="87" count="1" type="stmt"/>
        <line num="93" count="0" type="stmt"/>
        <line num="105" count="1" type="stmt"/>
        <line num="116" count="1" type="stmt"/>
        <line num="122" count="1" type="stmt"/>
        <line num="128" count="2" type="stmt"/>
        <line num="133" count="0" type="stmt"/>
        <line num="138" count="2" type="stmt"/>
      </file>
    </package>
    <package name="types">
      <metrics statements="0" coveredstatements="0" conditionals="0" coveredconditionals="0" methods="0" coveredmethods="0"/>
      <file name="game.ts" path="/app/frontend/src/types/game.ts">
        <metrics statements="0" coveredstatements="0" conditionals="0" coveredconditionals="0" methods="0" coveredmethods="0"/>
      </file>
    </package>
    <package name="utils">
      <metrics statements="23" coveredstatements="23" conditionals="4" coveredconditionals="2" methods="8" coveredmethods="8"/>
      <file name="auth.ts" path="/app/frontend/src/utils/auth.ts">
        <metrics statements="23" coveredstatements="23" conditionals="4" coveredconditionals="2" methods="8" coveredmethods="8"/>
        <line num="6" count="1" type="stmt"/>
        <line num="7" count="1" type="stmt"/>
        <line num="8" count="1" type="stmt"/>
        <line num="14" count="1" type="stmt"/>
        <line num="15" count="4" type="stmt"/>
        <line num="21" count="1" type="stmt"/>
        <line num="22" count="2" type="stmt"/>
        <line num="28" count="1" type="stmt"/>
        <line num="29" count="2" type="stmt"/>
        <line num="30" count="2" type="stmt"/>
        <line num="36" count="1" type="stmt"/>
        <line num="37" count="2" type="stmt"/>
        <line num="43" count="1" type="stmt"/>
        <line num="44" count="1" type="cond" truecount="1" falsecount="1"/>
        <line num="46" count="1" type="stmt"/>
        <line num="47" count="1" type="stmt"/>
        <line num="54" count="1" type="stmt"/>
        <line num="55" count="2" type="cond" truecount="1" falsecount="1"/>
        <line num="57" count="2" type="stmt"/>
        <line num="58" count="2" type="stmt"/>
        <line num="65" count="1" type="stmt"/>
        <line num="66" count="1" type="stmt"/>
        <line num="67" count="1" type="stmt"/>
      </file>
    </package>
  </project>
</coverage>
