{"/app/frontend/src/components/AIPlayerConfig.tsx": {"path":"/app/frontend/src/components/AIPlayerConfig.tsx","statementMap":{"0":{"start":{"line":15,"column":54},"end":{"line":175,"column":1}},"1":{"start":{"line":16,"column":36},"end":{"line":16,"column":60}},"2":{"start":{"line":17,"column":32},"end":{"line":17,"column":47}},"3":{"start":{"line":18,"column":28},"end":{"line":18,"column":40}},"4":{"start":{"line":20,"column":22},"end":{"line":72,"column":3}},"5":{"start":{"line":21,"column":4},"end":{"line":23,"column":5}},"6":{"start":{"line":22,"column":6},"end":{"line":22,"column":13}},"7":{"start":{"line":25,"column":4},"end":{"line":25,"column":21}},"8":{"start":{"line":26,"column":4},"end":{"line":26,"column":17}},"9":{"start":{"line":28,"column":4},"end":{"line":71,"column":5}},"10":{"start":{"line":29,"column":25},"end":{"line":29,"column":33}},"11":{"start":{"line":30,"column":26},"end":{"line":30,"column":42}},"12":{"start":{"line":32,"column":23},"end":{"line":42,"column":7}},"13":{"start":{"line":45,"column":25},"end":{"line":45,"column":43}},"14":{"start":{"line":48,"column":6},"end":{"line":54,"column":9}},"15":{"start":{"line":56,"column":6},"end":{"line":56,"column":24}},"16":{"start":{"line":58,"column":6},"end":{"line":58,"column":54}},"17":{"start":{"line":61,"column":25},"end":{"line":61,"column":69}},"18":{"start":{"line":62,"column":6},"end":{"line":67,"column":7}},"19":{"start":{"line":64,"column":8},"end":{"line":66,"column":9}},"20":{"start":{"line":65,"column":10},"end":{"line":65,"column":51}},"21":{"start":{"line":69,"column":6},"end":{"line":69,"column":29}},"22":{"start":{"line":70,"column":6},"end":{"line":70,"column":24}},"23":{"start":{"line":74,"column":25},"end":{"line":78,"column":3}},"24":{"start":{"line":77,"column":4},"end":{"line":77,"column":65}},"25":{"start":{"line":77,"column":46},"end":{"line":77,"column":62}},"26":{"start":{"line":80,"column":33},"end":{"line":86,"column":3}},"27":{"start":{"line":83,"column":4},"end":{"line":85,"column":6}},"28":{"start":{"line":84,"column":33},"end":{"line":84,"column":86}},"29":{"start":{"line":88,"column":2},"end":{"line":174,"column":4}},"30":{"start":{"line":123,"column":18},"end":{"line":145,"column":23}},"31":{"start":{"line":128,"column":41},"end":{"line":128,"column":90}},"32":{"start":{"line":139,"column":37},"end":{"line":139,"column":62}}},"fnMap":{"0":{"name":"(anonymous_0)","decl":{"start":{"line":15,"column":54},"end":{"line":15,"column":55}},"loc":{"start":{"line":15,"column":84},"end":{"line":175,"column":1}},"line":15},"1":{"name":"(anonymous_1)","decl":{"start":{"line":20,"column":22},"end":{"line":20,"column":23}},"loc":{"start":{"line":20,"column":34},"end":{"line":72,"column":3}},"line":20},"2":{"name":"(anonymous_2)","decl":{"start":{"line":74,"column":25},"end":{"line":74,"column":26}},"loc":{"start":{"line":74,"column":41},"end":{"line":78,"column":3}},"line":74},"3":{"name":"(anonymous_3)","decl":{"start":{"line":77,"column":34},"end":{"line":77,"column":35}},"loc":{"start":{"line":77,"column":46},"end":{"line":77,"column":62}},"line":77},"4":{"name":"(anonymous_4)","decl":{"start":{"line":80,"column":33},"end":{"line":80,"column":34}},"loc":{"start":{"line":80,"column":69},"end":{"line":86,"column":3}},"line":80},"5":{"name":"(anonymous_5)","decl":{"start":{"line":84,"column":20},"end":{"line":84,"column":21}},"loc":{"start":{"line":84,"column":33},"end":{"line":84,"column":86}},"line":84},"6":{"name":"(anonymous_6)","decl":{"start":{"line":122,"column":31},"end":{"line":122,"column":32}},"loc":{"start":{"line":123,"column":18},"end":{"line":145,"column":23}},"line":123},"7":{"name":"(anonymous_7)","decl":{"start":{"line":128,"column":34},"end":{"line":128,"column":35}},"loc":{"start":{"line":128,"column":41},"end":{"line":128,"column":90}},"line":128},"8":{"name":"(anonymous_8)","decl":{"start":{"line":139,"column":31},"end":{"line":139,"column":32}},"loc":{"start":{"line":139,"column":37},"end":{"line":139,"column":62}},"line":139}},"branchMap":{"0":{"loc":{"start":{"line":21,"column":4},"end":{"line":23,"column":5}},"type":"if","locations":[{"start":{"line":21,"column":4},"end":{"line":23,"column":5}},{"start":{},"end":{}}],"line":21},"1":{"loc":{"start":{"line":52,"column":22},"end":{"line":52,"column":60}},"type":"binary-expr","locations":[{"start":{"line":52,"column":22},"end":{"line":52,"column":46}},{"start":{"line":52,"column":50},"end":{"line":52,"column":60}}],"line":52},"2":{"loc":{"start":{"line":62,"column":6},"end":{"line":67,"column":7}},"type":"if","locations":[{"start":{"line":62,"column":6},"end":{"line":67,"column":7}},{"start":{},"end":{}}],"line":62},"3":{"loc":{"start":{"line":62,"column":10},"end":{"line":62,"column":53}},"type":"binary-expr","locations":[{"start":{"line":62,"column":10},"end":{"line":62,"column":35}},{"start":{"line":62,"column":39},"end":{"line":62,"column":53}}],"line":62},"4":{"loc":{"start":{"line":64,"column":8},"end":{"line":66,"column":9}},"type":"if","locations":[{"start":{"line":64,"column":8},"end":{"line":66,"column":9}},{"start":{},"end":{}}],"line":64},"5":{"loc":{"start":{"line":64,"column":12},"end":{"line":64,"column":60}},"type":"binary-expr","locations":[{"start":{"line":64,"column":12},"end":{"line":64,"column":31}},{"start":{"line":64,"column":35},"end":{"line":64,"column":60}}],"line":64},"6":{"loc":{"start":{"line":84,"column":33},"end":{"line":84,"column":86}},"type":"cond-expr","locations":[{"start":{"line":84,"column":52},"end":{"line":84,"column":77}},{"start":{"line":84,"column":80},"end":{"line":84,"column":86}}],"line":84},"7":{"loc":{"start":{"line":90,"column":7},"end":{"line":94,"column":7}},"type":"binary-expr","locations":[{"start":{"line":90,"column":7},"end":{"line":90,"column":12}},{"start":{"line":91,"column":8},"end":{"line":93,"column":14}}],"line":90},"8":{"loc":{"start":{"line":96,"column":7},"end":{"line":172,"column":7}},"type":"cond-expr","locations":[{"start":{"line":97,"column":8},"end":{"line":101,"column":14}},{"start":{"line":103,"column":8},"end":{"line":171,"column":11}}],"line":96},"9":{"loc":{"start":{"line":110,"column":24},"end":{"line":110,"column":67}},"type":"binary-expr","locations":[{"start":{"line":110,"column":24},"end":{"line":110,"column":31}},{"start":{"line":110,"column":35},"end":{"line":110,"column":67}}],"line":110},"10":{"loc":{"start":{"line":114,"column":15},"end":{"line":114,"column":54}},"type":"cond-expr","locations":[{"start":{"line":114,"column":25},"end":{"line":114,"column":36}},{"start":{"line":114,"column":39},"end":{"line":114,"column":54}}],"line":114},"11":{"loc":{"start":{"line":118,"column":11},"end":{"line":149,"column":11}},"type":"binary-expr","locations":[{"start":{"line":118,"column":11},"end":{"line":118,"column":31}},{"start":{"line":119,"column":12},"end":{"line":148,"column":18}}],"line":118},"12":{"loc":{"start":{"line":151,"column":11},"end":{"line":170,"column":11}},"type":"binary-expr","locations":[{"start":{"line":151,"column":11},"end":{"line":151,"column":31}},{"start":{"line":152,"column":12},"end":{"line":169,"column":18}}],"line":151}},"s":{"0":1,"1":22,"2":22,"3":22,"4":22,"5":6,"6":0,"7":6,"8":6,"9":6,"10":6,"11":6,"12":6,"13":5,"14":5,"15":5,"16":1,"17":1,"18":1,"19":1,"20":1,"21":1,"22":1,"23":22,"24":1,"25":1,"26":22,"27":1,"28":1,"29":22,"30":6,"31":1,"32":1},"f":{"0":22,"1":6,"2":1,"3":1,"4":1,"5":1,"6":6,"7":1,"8":1},"b":{"0":[0,6],"1":[5,0],"2":[1,0],"3":[1,1],"4":[1,0],"5":[1,1],"6":[1,0],"7":[22,1],"8":[1,21],"9":[21,15],"10":[6,15],"11":[21,6],"12":[21,6]},"_coverageSchema":"1a1c01bbd47fc00a2c39e90264f33305004495a9","hash":"19099911f9b22444191038c461e745a249fdfeef"}
,"/app/frontend/src/components/AuthLayout.tsx": {"path":"/app/frontend/src/components/AuthLayout.tsx","statementMap":{"0":{"start":{"line":14,"column":46},"end":{"line":100,"column":1}},"1":{"start":{"line":21,"column":2},"end":{"line":99,"column":4}}},"fnMap":{"0":{"name":"(anonymous_0)","decl":{"start":{"line":14,"column":46},"end":{"line":14,"column":47}},"loc":{"start":{"line":20,"column":6},"end":{"line":100,"column":1}},"line":20}},"branchMap":{"0":{"loc":{"start":{"line":17,"column":2},"end":{"line":17,"column":42}},"type":"default-arg","locations":[{"start":{"line":17,"column":16},"end":{"line":17,"column":42}}],"line":17},"1":{"loc":{"start":{"line":18,"column":2},"end":{"line":18,"column":22}},"type":"default-arg","locations":[{"start":{"line":18,"column":18},"end":{"line":18,"column":22}}],"line":18},"2":{"loc":{"start":{"line":19,"column":2},"end":{"line":19,"column":25}},"type":"default-arg","locations":[{"start":{"line":19,"column":21},"end":{"line":19,"column":25}}],"line":19},"3":{"loc":{"start":{"line":42,"column":15},"end":{"line":46,"column":15}},"type":"binary-expr","locations":[{"start":{"line":42,"column":15},"end":{"line":42,"column":28}},{"start":{"line":43,"column":16},"end":{"line":45,"column":23}}],"line":42},"4":{"loc":{"start":{"line":47,"column":15},"end":{"line":51,"column":15}},"type":"binary-expr","locations":[{"start":{"line":47,"column":15},"end":{"line":47,"column":31}},{"start":{"line":48,"column":16},"end":{"line":50,"column":23}}],"line":47},"5":{"loc":{"start":{"line":63,"column":13},"end":{"line":67,"column":13}},"type":"binary-expr","locations":[{"start":{"line":63,"column":13},"end":{"line":63,"column":24}},{"start":{"line":64,"column":14},"end":{"line":66,"column":18}}],"line":63}},"s":{"0":2,"1":7},"f":{"0":7},"b":{"0":[4],"1":[4],"2":[4],"3":[7,5],"4":[7,5],"5":[7,6]},"_coverageSchema":"1a1c01bbd47fc00a2c39e90264f33305004495a9","hash":"141d2f2e3c74a6b3d1d672817cc1ee70e2695a8a"}
,"/app/frontend/src/components/Card.tsx": {"path":"/app/frontend/src/components/Card.tsx","statementMap":{"0":{"start":{"line":4,"column":34},"end":{"line":65,"column":1}},"1":{"start":{"line":5,"column":22},"end":{"line":10,"column":3}},"2":{"start":{"line":6,"column":4},"end":{"line":6,"column":23}},"3":{"start":{"line":7,"column":4},"end":{"line":9,"column":5}},"4":{"start":{"line":8,"column":6},"end":{"line":8,"column":19}},"5":{"start":{"line":12,"column":23},"end":{"line":14,"column":3}},"6":{"start":{"line":13,"column":4},"end":{"line":13,"column":98}},"7":{"start":{"line":16,"column":24},"end":{"line":24,"column":3}},"8":{"start":{"line":17,"column":47},"end":{"line":22,"column":5}},"9":{"start":{"line":23,"column":4},"end":{"line":23,"column":47}},"10":{"start":{"line":26,"column":20},"end":{"line":26,"column":76}},"11":{"start":{"line":27,"column":21},"end":{"line":27,"column":45}},"12":{"start":{"line":29,"column":2},"end":{"line":64,"column":4}}},"fnMap":{"0":{"name":"(anonymous_0)","decl":{"start":{"line":4,"column":34},"end":{"line":4,"column":35}},"loc":{"start":{"line":4,"column":68},"end":{"line":65,"column":1}},"line":4},"1":{"name":"(anonymous_1)","decl":{"start":{"line":5,"column":22},"end":{"line":5,"column":23}},"loc":{"start":{"line":5,"column":47},"end":{"line":10,"column":3}},"line":5},"2":{"name":"(anonymous_2)","decl":{"start":{"line":12,"column":23},"end":{"line":12,"column":24}},"loc":{"start":{"line":12,"column":41},"end":{"line":14,"column":3}},"line":12},"3":{"name":"(anonymous_3)","decl":{"start":{"line":16,"column":24},"end":{"line":16,"column":25}},"loc":{"start":{"line":16,"column":42},"end":{"line":24,"column":3}},"line":16}},"branchMap":{"0":{"loc":{"start":{"line":7,"column":4},"end":{"line":9,"column":5}},"type":"if","locations":[{"start":{"line":7,"column":4},"end":{"line":9,"column":5}},{"start":{},"end":{}}],"line":7},"1":{"loc":{"start":{"line":13,"column":11},"end":{"line":13,"column":97}},"type":"cond-expr","locations":[{"start":{"line":13,"column":65},"end":{"line":13,"column":79}},{"start":{"line":13,"column":82},"end":{"line":13,"column":97}}],"line":13},"2":{"loc":{"start":{"line":23,"column":11},"end":{"line":23,"column":46}},"type":"binary-expr","locations":[{"start":{"line":23,"column":11},"end":{"line":23,"column":38}},{"start":{"line":23,"column":42},"end":{"line":23,"column":46}}],"line":23},"3":{"loc":{"start":{"line":34,"column":10},"end":{"line":34,"column":89}},"type":"cond-expr","locations":[{"start":{"line":34,"column":23},"end":{"line":34,"column":55}},{"start":{"line":34,"column":58},"end":{"line":34,"column":89}}],"line":34},"4":{"loc":{"start":{"line":35,"column":10},"end":{"line":35,"column":60}},"type":"cond-expr","locations":[{"start":{"line":35,"column":23},"end":{"line":35,"column":40}},{"start":{"line":35,"column":43},"end":{"line":35,"column":60}}],"line":35},"5":{"loc":{"start":{"line":44,"column":42},"end":{"line":44,"column":86}},"type":"cond-expr","locations":[{"start":{"line":44,"column":54},"end":{"line":44,"column":68}},{"start":{"line":44,"column":71},"end":{"line":44,"column":86}}],"line":44},"6":{"loc":{"start":{"line":52,"column":33},"end":{"line":52,"column":77}},"type":"cond-expr","locations":[{"start":{"line":52,"column":45},"end":{"line":52,"column":59}},{"start":{"line":52,"column":62},"end":{"line":52,"column":77}}],"line":52},"7":{"loc":{"start":{"line":59,"column":46},"end":{"line":59,"column":90}},"type":"cond-expr","locations":[{"start":{"line":59,"column":58},"end":{"line":59,"column":72}},{"start":{"line":59,"column":75},"end":{"line":59,"column":90}}],"line":59}},"s":{"0":3,"1":73,"2":4,"3":4,"4":3,"5":73,"6":0,"7":73,"8":73,"9":73,"10":73,"11":73,"12":73},"f":{"0":73,"1":4,"2":0,"3":73},"b":{"0":[3,1],"1":[0,0],"2":[73,0],"3":[31,42],"4":[31,42],"5":[50,23],"6":[50,23],"7":[50,23]},"_coverageSchema":"1a1c01bbd47fc00a2c39e90264f33305004495a9","hash":"9ccce19c4b90dba655ca928321e896e64babfee4"}
,"/app/frontend/src/components/GameActions.tsx": {"path":"/app/frontend/src/components/GameActions.tsx","statementMap":{"0":{"start":{"line":4,"column":48},"end":{"line":125,"column":1}},"1":{"start":{"line":14,"column":29},"end":{"line":58,"column":3}},"2":{"start":{"line":21,"column":24},"end":{"line":24,"column":5}},"3":{"start":{"line":26,"column":27},"end":{"line":45,"column":5}},"4":{"start":{"line":47,"column":4},"end":{"line":57,"column":6}},"5":{"start":{"line":60,"column":29},"end":{"line":60,"column":89}},"6":{"start":{"line":62,"column":2},"end":{"line":124,"column":4}}},"fnMap":{"0":{"name":"(anonymous_0)","decl":{"start":{"line":4,"column":48},"end":{"line":4,"column":49}},"loc":{"start":{"line":13,"column":6},"end":{"line":125,"column":1}},"line":13},"1":{"name":"(anonymous_1)","decl":{"start":{"line":14,"column":29},"end":{"line":14,"column":30}},"loc":{"start":{"line":20,"column":7},"end":{"line":58,"column":3}},"line":20}},"branchMap":{"0":{"loc":{"start":{"line":19,"column":4},"end":{"line":19,"column":60}},"type":"default-arg","locations":[{"start":{"line":19,"column":51},"end":{"line":19,"column":60}}],"line":19},"1":{"loc":{"start":{"line":60,"column":29},"end":{"line":60,"column":89}},"type":"binary-expr","locations":[{"start":{"line":60,"column":29},"end":{"line":60,"column":44}},{"start":{"line":60,"column":48},"end":{"line":60,"column":65}},{"start":{"line":60,"column":69},"end":{"line":60,"column":89}}],"line":60},"2":{"loc":{"start":{"line":73,"column":12},"end":{"line":75,"column":59}},"type":"cond-expr","locations":[{"start":{"line":74,"column":16},"end":{"line":74,"column":78}},{"start":{"line":75,"column":16},"end":{"line":75,"column":59}}],"line":73},"3":{"loc":{"start":{"line":73,"column":12},"end":{"line":73,"column":38}},"type":"binary-expr","locations":[{"start":{"line":73,"column":12},"end":{"line":73,"column":27}},{"start":{"line":73,"column":31},"end":{"line":73,"column":38}}],"line":73},"4":{"loc":{"start":{"line":79,"column":18},"end":{"line":79,"column":46}},"type":"binary-expr","locations":[{"start":{"line":79,"column":18},"end":{"line":79,"column":34}},{"start":{"line":79,"column":38},"end":{"line":79,"column":46}}],"line":79},"5":{"loc":{"start":{"line":89,"column":12},"end":{"line":91,"column":59}},"type":"cond-expr","locations":[{"start":{"line":90,"column":16},"end":{"line":90,"column":78}},{"start":{"line":91,"column":16},"end":{"line":91,"column":59}}],"line":89},"6":{"loc":{"start":{"line":89,"column":12},"end":{"line":89,"column":38}},"type":"binary-expr","locations":[{"start":{"line":89,"column":12},"end":{"line":89,"column":27}},{"start":{"line":89,"column":31},"end":{"line":89,"column":38}}],"line":89},"7":{"loc":{"start":{"line":95,"column":18},"end":{"line":95,"column":46}},"type":"binary-expr","locations":[{"start":{"line":95,"column":18},"end":{"line":95,"column":34}},{"start":{"line":95,"column":38},"end":{"line":95,"column":46}}],"line":95},"8":{"loc":{"start":{"line":105,"column":12},"end":{"line":107,"column":61}},"type":"cond-expr","locations":[{"start":{"line":106,"column":16},"end":{"line":106,"column":84}},{"start":{"line":107,"column":16},"end":{"line":107,"column":61}}],"line":105},"9":{"loc":{"start":{"line":119,"column":40},"end":{"line":119,"column":91}},"type":"cond-expr","locations":[{"start":{"line":119,"column":58},"end":{"line":119,"column":74}},{"start":{"line":119,"column":77},"end":{"line":119,"column":91}}],"line":119},"10":{"loc":{"start":{"line":120,"column":11},"end":{"line":120,"column":61}},"type":"cond-expr","locations":[{"start":{"line":120,"column":29},"end":{"line":120,"column":40}},{"start":{"line":120,"column":43},"end":{"line":120,"column":61}}],"line":120}},"s":{"0":2,"1":23,"2":0,"3":0,"4":0,"5":23,"6":23},"f":{"0":23,"1":0},"b":{"0":[0],"1":[23,21,3],"2":[20,3],"3":[23,21],"4":[23,21],"5":[20,3],"6":[23,21],"7":[23,21],"8":[3,20],"9":[21,2],"10":[21,2]},"_coverageSchema":"1a1c01bbd47fc00a2c39e90264f33305004495a9","hash":"9d548caf39a424a19b68f335b7846e7b74396d6c"}
,"/app/frontend/src/components/GameBoard.tsx": {"path":"/app/frontend/src/components/GameBoard.tsx","statementMap":{"0":{"start":{"line":7,"column":20},"end":{"line":12,"column":1}},"1":{"start":{"line":28,"column":44},"end":{"line":159,"column":1}},"2":{"start":{"line":41,"column":29},"end":{"line":41,"column":68}},"3":{"start":{"line":42,"column":26},"end":{"line":42,"column":69}},"4":{"start":{"line":43,"column":28},"end":{"line":43,"column":85}},"5":{"start":{"line":43,"column":46},"end":{"line":43,"column":78}},"6":{"start":{"line":44,"column":25},"end":{"line":44,"column":79}},"7":{"start":{"line":44,"column":43},"end":{"line":44,"column":72}},"8":{"start":{"line":46,"column":2},"end":{"line":158,"column":4}},"9":{"start":{"line":72,"column":39},"end":{"line":72,"column":66}},"10":{"start":{"line":99,"column":10},"end":{"line":120,"column":16}}},"fnMap":{"0":{"name":"(anonymous_0)","decl":{"start":{"line":28,"column":44},"end":{"line":28,"column":45}},"loc":{"start":{"line":40,"column":6},"end":{"line":159,"column":1}},"line":40},"1":{"name":"(anonymous_1)","decl":{"start":{"line":43,"column":41},"end":{"line":43,"column":42}},"loc":{"start":{"line":43,"column":46},"end":{"line":43,"column":78}},"line":43},"2":{"name":"(anonymous_2)","decl":{"start":{"line":44,"column":38},"end":{"line":44,"column":39}},"loc":{"start":{"line":44,"column":43},"end":{"line":44,"column":72}},"line":44},"3":{"name":"(anonymous_3)","decl":{"start":{"line":72,"column":34},"end":{"line":72,"column":35}},"loc":{"start":{"line":72,"column":39},"end":{"line":72,"column":66}},"line":72},"4":{"name":"(anonymous_4)","decl":{"start":{"line":98,"column":21},"end":{"line":98,"column":22}},"loc":{"start":{"line":99,"column":10},"end":{"line":120,"column":16}},"line":99},"5":{"name":"(anonymous_5)","decl":{"start":{"line":150,"column":17},"end":{"line":150,"column":18}},"loc":{"start":{"line":150,"column":23},"end":{"line":150,"column":25}},"line":150}},"branchMap":{"0":{"loc":{"start":{"line":57,"column":28},"end":{"line":57,"column":98}},"type":"cond-expr","locations":[{"start":{"line":57,"column":66},"end":{"line":57,"column":77}},{"start":{"line":57,"column":80},"end":{"line":57,"column":98}}],"line":57},"1":{"loc":{"start":{"line":58,"column":11},"end":{"line":60,"column":11}},"type":"binary-expr","locations":[{"start":{"line":58,"column":11},"end":{"line":58,"column":32}},{"start":{"line":59,"column":12},"end":{"line":59,"column":119}}],"line":58},"2":{"loc":{"start":{"line":65,"column":7},"end":{"line":75,"column":7}},"type":"binary-expr","locations":[{"start":{"line":65,"column":7},"end":{"line":65,"column":25}},{"start":{"line":65,"column":29},"end":{"line":65,"column":47}},{"start":{"line":66,"column":8},"end":{"line":74,"column":14}}],"line":65},"3":{"loc":{"start":{"line":84,"column":11},"end":{"line":89,"column":11}},"type":"binary-expr","locations":[{"start":{"line":84,"column":11},"end":{"line":84,"column":43}},{"start":{"line":85,"column":12},"end":{"line":88,"column":18}}],"line":84},"4":{"loc":{"start":{"line":102,"column":14},"end":{"line":102,"column":91}},"type":"cond-expr","locations":[{"start":{"line":102,"column":54},"end":{"line":102,"column":71}},{"start":{"line":102,"column":74},"end":{"line":102,"column":91}}],"line":102},"5":{"loc":{"start":{"line":107,"column":29},"end":{"line":107,"column":69}},"type":"binary-expr","locations":[{"start":{"line":107,"column":29},"end":{"line":107,"column":58}},{"start":{"line":107,"column":62},"end":{"line":107,"column":69}}],"line":107},"6":{"loc":{"start":{"line":110,"column":25},"end":{"line":110,"column":76}},"type":"binary-expr","locations":[{"start":{"line":110,"column":25},"end":{"line":110,"column":71}},{"start":{"line":110,"column":75},"end":{"line":110,"column":76}}],"line":110},"7":{"loc":{"start":{"line":111,"column":15},"end":{"line":113,"column":15}},"type":"binary-expr","locations":[{"start":{"line":111,"column":15},"end":{"line":111,"column":66}},{"start":{"line":112,"column":16},"end":{"line":112,"column":64}}],"line":111},"8":{"loc":{"start":{"line":114,"column":15},"end":{"line":118,"column":15}},"type":"binary-expr","locations":[{"start":{"line":114,"column":15},"end":{"line":114,"column":63}},{"start":{"line":115,"column":16},"end":{"line":117,"column":20}}],"line":114},"9":{"loc":{"start":{"line":127,"column":17},"end":{"line":127,"column":68}},"type":"binary-expr","locations":[{"start":{"line":127,"column":17},"end":{"line":127,"column":62}},{"start":{"line":127,"column":66},"end":{"line":127,"column":68}}],"line":127},"10":{"loc":{"start":{"line":143,"column":22},"end":{"line":143,"column":73}},"type":"binary-expr","locations":[{"start":{"line":143,"column":22},"end":{"line":143,"column":67}},{"start":{"line":143,"column":71},"end":{"line":143,"column":73}}],"line":143},"11":{"loc":{"start":{"line":144,"column":29},"end":{"line":144,"column":95}},"type":"binary-expr","locations":[{"start":{"line":144,"column":29},"end":{"line":144,"column":86}},{"start":{"line":144,"column":90},"end":{"line":144,"column":95}}],"line":144}},"s":{"0":1,"1":1,"2":13,"3":13,"4":13,"5":13,"6":13,"7":26,"8":13,"9":1,"10":39},"f":{"0":13,"1":13,"2":26,"3":1,"4":39,"5":0},"b":{"0":[13,0],"1":[13,13],"2":[13,1,1],"3":[13,13],"4":[13,26],"5":[39,13],"6":[39,26],"7":[39,1],"8":[39,1],"9":[13,0],"10":[13,0],"11":[13,13]},"_coverageSchema":"1a1c01bbd47fc00a2c39e90264f33305004495a9","hash":"1914acbf55857728f4d9bf00b93930398f8440a8"}
,"/app/frontend/src/components/GameSetupForm.tsx": {"path":"/app/frontend/src/components/GameSetupForm.tsx","statementMap":{"0":{"start":{"line":25,"column":52},"end":{"line":176,"column":1}},"1":{"start":{"line":31,"column":23},"end":{"line":42,"column":3}},"2":{"start":{"line":32,"column":34},"end":{"line":32,"column":42}},"3":{"start":{"line":34,"column":4},"end":{"line":41,"column":5}},"4":{"start":{"line":35,"column":22},"end":{"line":35,"column":60}},"5":{"start":{"line":36,"column":6},"end":{"line":36,"column":36}},"6":{"start":{"line":37,"column":11},"end":{"line":41,"column":5}},"7":{"start":{"line":38,"column":6},"end":{"line":38,"column":48}},"8":{"start":{"line":40,"column":6},"end":{"line":40,"column":34}},"9":{"start":{"line":44,"column":2},"end":{"line":175,"column":4}},"10":{"start":{"line":66,"column":18},"end":{"line":68,"column":27}},"11":{"start":{"line":74,"column":37},"end":{"line":74,"column":65}},"12":{"start":{"line":133,"column":28},"end":{"line":133,"column":56}},"13":{"start":{"line":135,"column":14},"end":{"line":141,"column":15}},"14":{"start":{"line":136,"column":16},"end":{"line":136,"column":47}},"15":{"start":{"line":137,"column":21},"end":{"line":141,"column":15}},"16":{"start":{"line":138,"column":16},"end":{"line":138,"column":43}},"17":{"start":{"line":139,"column":21},"end":{"line":141,"column":15}},"18":{"start":{"line":140,"column":16},"end":{"line":140,"column":45}}},"fnMap":{"0":{"name":"(anonymous_0)","decl":{"start":{"line":25,"column":52},"end":{"line":25,"column":53}},"loc":{"start":{"line":30,"column":6},"end":{"line":176,"column":1}},"line":30},"1":{"name":"(anonymous_1)","decl":{"start":{"line":31,"column":23},"end":{"line":31,"column":24}},"loc":{"start":{"line":31,"column":87},"end":{"line":42,"column":3}},"line":31},"2":{"name":"(anonymous_2)","decl":{"start":{"line":65,"column":29},"end":{"line":65,"column":30}},"loc":{"start":{"line":66,"column":18},"end":{"line":68,"column":27}},"line":66},"3":{"name":"(anonymous_3)","decl":{"start":{"line":74,"column":31},"end":{"line":74,"column":32}},"loc":{"start":{"line":74,"column":37},"end":{"line":74,"column":65}},"line":74},"4":{"name":"(anonymous_4)","decl":{"start":{"line":132,"column":22},"end":{"line":132,"column":23}},"loc":{"start":{"line":132,"column":29},"end":{"line":142,"column":13}},"line":132}},"branchMap":{"0":{"loc":{"start":{"line":34,"column":4},"end":{"line":41,"column":5}},"type":"if","locations":[{"start":{"line":34,"column":4},"end":{"line":41,"column":5}},{"start":{"line":37,"column":11},"end":{"line":41,"column":5}}],"line":34},"1":{"loc":{"start":{"line":37,"column":11},"end":{"line":41,"column":5}},"type":"if","locations":[{"start":{"line":37,"column":11},"end":{"line":41,"column":5}},{"start":{"line":39,"column":11},"end":{"line":41,"column":5}}],"line":37},"2":{"loc":{"start":{"line":50,"column":9},"end":{"line":78,"column":9}},"type":"cond-expr","locations":[{"start":{"line":51,"column":10},"end":{"line":51,"column":131}},{"start":{"line":53,"column":10},"end":{"line":77,"column":13}}],"line":50},"3":{"loc":{"start":{"line":62,"column":15},"end":{"line":70,"column":15}},"type":"cond-expr","locations":[{"start":{"line":63,"column":16},"end":{"line":63,"column":64}},{"start":{"line":65,"column":16},"end":{"line":69,"column":18}}],"line":62},"4":{"loc":{"start":{"line":72,"column":13},"end":{"line":76,"column":13}},"type":"binary-expr","locations":[{"start":{"line":72,"column":13},"end":{"line":72,"column":31}},{"start":{"line":72,"column":35},"end":{"line":72,"column":54}},{"start":{"line":73,"column":14},"end":{"line":75,"column":18}}],"line":72},"5":{"loc":{"start":{"line":74,"column":17},"end":{"line":74,"column":110}},"type":"binary-expr","locations":[{"start":{"line":74,"column":17},"end":{"line":74,"column":79}},{"start":{"line":74,"column":83},"end":{"line":74,"column":110}}],"line":74},"6":{"loc":{"start":{"line":135,"column":14},"end":{"line":141,"column":15}},"type":"if","locations":[{"start":{"line":135,"column":14},"end":{"line":141,"column":15}},{"start":{"line":137,"column":21},"end":{"line":141,"column":15}}],"line":135},"7":{"loc":{"start":{"line":135,"column":18},"end":{"line":135,"column":61}},"type":"binary-expr","locations":[{"start":{"line":135,"column":18},"end":{"line":135,"column":29}},{"start":{"line":135,"column":34},"end":{"line":135,"column":44}},{"start":{"line":135,"column":48},"end":{"line":135,"column":60}}],"line":135},"8":{"loc":{"start":{"line":137,"column":21},"end":{"line":141,"column":15}},"type":"if","locations":[{"start":{"line":137,"column":21},"end":{"line":141,"column":15}},{"start":{"line":139,"column":21},"end":{"line":141,"column":15}}],"line":137},"9":{"loc":{"start":{"line":137,"column":25},"end":{"line":137,"column":49}},"type":"binary-expr","locations":[{"start":{"line":137,"column":25},"end":{"line":137,"column":34}},{"start":{"line":137,"column":38},"end":{"line":137,"column":49}}],"line":137},"10":{"loc":{"start":{"line":139,"column":21},"end":{"line":141,"column":15}},"type":"if","locations":[{"start":{"line":139,"column":21},"end":{"line":141,"column":15}},{"start":{},"end":{}}],"line":139},"11":{"loc":{"start":{"line":167,"column":7},"end":{"line":173,"column":7}},"type":"binary-expr","locations":[{"start":{"line":167,"column":7},"end":{"line":167,"column":41}},{"start":{"line":168,"column":8},"end":{"line":172,"column":14}}],"line":167}},"s":{"0":1,"1":11,"2":4,"3":4,"4":1,"5":1,"6":3,"7":0,"8":3,"9":11,"10":27,"11":9,"12":4,"13":4,"14":2,"15":2,"16":1,"17":1,"18":1},"f":{"0":11,"1":4,"2":27,"3":9,"4":4},"b":{"0":[1,3],"1":[0,3],"2":[1,10],"3":[1,9],"4":[10,9,9],"5":[9,0],"6":[2,2],"7":[4,3,2],"8":[1,1],"9":[2,1],"10":[1,0],"11":[11,1]},"_coverageSchema":"1a1c01bbd47fc00a2c39e90264f33305004495a9","hash":"bb47f8a6f9b97f54ee386d5cf7b28d077e3735c6"}
,"/app/frontend/src/components/LoginForm.tsx": {"path":"/app/frontend/src/components/LoginForm.tsx","statementMap":{"0":{"start":{"line":6,"column":28},"end":{"line":171,"column":1}},"1":{"start":{"line":7,"column":17},"end":{"line":7,"column":28}},"2":{"start":{"line":8,"column":34},"end":{"line":11,"column":4}},"3":{"start":{"line":12,"column":30},"end":{"line":12,"column":66}},"4":{"start":{"line":13,"column":36},"end":{"line":13,"column":51}},"5":{"start":{"line":15,"column":23},"end":{"line":21,"column":3}},"6":{"start":{"line":16,"column":28},"end":{"line":16,"column":36}},"7":{"start":{"line":17,"column":4},"end":{"line":20,"column":7}},"8":{"start":{"line":23,"column":23},"end":{"line":81,"column":3}},"9":{"start":{"line":24,"column":4},"end":{"line":24,"column":23}},"10":{"start":{"line":25,"column":4},"end":{"line":25,"column":18}},"11":{"start":{"line":26,"column":4},"end":{"line":26,"column":23}},"12":{"start":{"line":28,"column":4},"end":{"line":80,"column":5}},"13":{"start":{"line":29,"column":23},"end":{"line":34,"column":8}},"14":{"start":{"line":37,"column":6},"end":{"line":41,"column":7}},"15":{"start":{"line":38,"column":36},"end":{"line":38,"column":56}},"16":{"start":{"line":39,"column":8},"end":{"line":39,"column":37}},"17":{"start":{"line":40,"column":8},"end":{"line":40,"column":30}},"18":{"start":{"line":44,"column":6},"end":{"line":44,"column":32}},"19":{"start":{"line":46,"column":6},"end":{"line":78,"column":7}},"20":{"start":{"line":47,"column":29},"end":{"line":47,"column":48}},"21":{"start":{"line":48,"column":56},"end":{"line":48,"column":58}},"22":{"start":{"line":51,"column":8},"end":{"line":60,"column":9}},"23":{"start":{"line":52,"column":10},"end":{"line":52,"column":56}},"24":{"start":{"line":53,"column":15},"end":{"line":60,"column":9}},"25":{"start":{"line":54,"column":10},"end":{"line":56,"column":44}},"26":{"start":{"line":57,"column":15},"end":{"line":60,"column":9}},"27":{"start":{"line":59,"column":10},"end":{"line":59,"column":67}},"28":{"start":{"line":63,"column":8},"end":{"line":68,"column":11}},"29":{"start":{"line":65,"column":10},"end":{"line":67,"column":11}},"30":{"start":{"line":66,"column":12},"end":{"line":66,"column":91}},"31":{"start":{"line":71,"column":8},"end":{"line":73,"column":9}},"32":{"start":{"line":72,"column":10},"end":{"line":72,"column":97}},"33":{"start":{"line":75,"column":8},"end":{"line":75,"column":35}},"34":{"start":{"line":77,"column":8},"end":{"line":77,"column":84}},"35":{"start":{"line":79,"column":6},"end":{"line":79,"column":26}},"36":{"start":{"line":83,"column":2},"end":{"line":170,"column":4}}},"fnMap":{"0":{"name":"(anonymous_0)","decl":{"start":{"line":6,"column":28},"end":{"line":6,"column":29}},"loc":{"start":{"line":6,"column":34},"end":{"line":171,"column":1}},"line":6},"1":{"name":"(anonymous_1)","decl":{"start":{"line":15,"column":23},"end":{"line":15,"column":24}},"loc":{"start":{"line":15,"column":67},"end":{"line":21,"column":3}},"line":15},"2":{"name":"(anonymous_2)","decl":{"start":{"line":23,"column":23},"end":{"line":23,"column":24}},"loc":{"start":{"line":23,"column":53},"end":{"line":81,"column":3}},"line":23},"3":{"name":"(anonymous_3)","decl":{"start":{"line":63,"column":45},"end":{"line":63,"column":46}},"loc":{"start":{"line":63,"column":63},"end":{"line":68,"column":9}},"line":63}},"branchMap":{"0":{"loc":{"start":{"line":37,"column":6},"end":{"line":41,"column":7}},"type":"if","locations":[{"start":{"line":37,"column":6},"end":{"line":41,"column":7}},{"start":{},"end":{}}],"line":37},"1":{"loc":{"start":{"line":46,"column":6},"end":{"line":78,"column":7}},"type":"if","locations":[{"start":{"line":46,"column":6},"end":{"line":78,"column":7}},{"start":{"line":76,"column":13},"end":{"line":78,"column":7}}],"line":46},"2":{"loc":{"start":{"line":46,"column":10},"end":{"line":46,"column":53}},"type":"binary-expr","locations":[{"start":{"line":46,"column":10},"end":{"line":46,"column":35}},{"start":{"line":46,"column":39},"end":{"line":46,"column":53}}],"line":46},"3":{"loc":{"start":{"line":51,"column":8},"end":{"line":60,"column":9}},"type":"if","locations":[{"start":{"line":51,"column":8},"end":{"line":60,"column":9}},{"start":{"line":53,"column":15},"end":{"line":60,"column":9}}],"line":51},"4":{"loc":{"start":{"line":53,"column":15},"end":{"line":60,"column":9}},"type":"if","locations":[{"start":{"line":53,"column":15},"end":{"line":60,"column":9}},{"start":{"line":57,"column":15},"end":{"line":60,"column":9}}],"line":53},"5":{"loc":{"start":{"line":54,"column":36},"end":{"line":56,"column":43}},"type":"cond-expr","locations":[{"start":{"line":55,"column":14},"end":{"line":55,"column":54}},{"start":{"line":56,"column":14},"end":{"line":56,"column":43}}],"line":54},"6":{"loc":{"start":{"line":57,"column":15},"end":{"line":60,"column":9}},"type":"if","locations":[{"start":{"line":57,"column":15},"end":{"line":60,"column":9}},{"start":{},"end":{}}],"line":57},"7":{"loc":{"start":{"line":65,"column":10},"end":{"line":67,"column":11}},"type":"if","locations":[{"start":{"line":65,"column":10},"end":{"line":67,"column":11}},{"start":{},"end":{}}],"line":65},"8":{"loc":{"start":{"line":65,"column":14},"end":{"line":65,"column":60}},"type":"binary-expr","locations":[{"start":{"line":65,"column":14},"end":{"line":65,"column":30}},{"start":{"line":65,"column":34},"end":{"line":65,"column":60}}],"line":65},"9":{"loc":{"start":{"line":66,"column":35},"end":{"line":66,"column":90}},"type":"cond-expr","locations":[{"start":{"line":66,"column":58},"end":{"line":66,"column":74}},{"start":{"line":66,"column":77},"end":{"line":66,"column":90}}],"line":66},"10":{"loc":{"start":{"line":71,"column":8},"end":{"line":73,"column":9}},"type":"if","locations":[{"start":{"line":71,"column":8},"end":{"line":73,"column":9}},{"start":{},"end":{}}],"line":71},"11":{"loc":{"start":{"line":88,"column":7},"end":{"line":92,"column":7}},"type":"binary-expr","locations":[{"start":{"line":88,"column":7},"end":{"line":88,"column":21}},{"start":{"line":89,"column":8},"end":{"line":91,"column":14}}],"line":88},"12":{"loc":{"start":{"line":109,"column":11},"end":{"line":109,"column":125}},"type":"binary-expr","locations":[{"start":{"line":109,"column":11},"end":{"line":109,"column":26}},{"start":{"line":109,"column":30},"end":{"line":109,"column":125}}],"line":109},"13":{"loc":{"start":{"line":126,"column":11},"end":{"line":126,"column":125}},"type":"binary-expr","locations":[{"start":{"line":126,"column":11},"end":{"line":126,"column":26}},{"start":{"line":126,"column":30},"end":{"line":126,"column":125}}],"line":126},"14":{"loc":{"start":{"line":156,"column":11},"end":{"line":166,"column":11}},"type":"cond-expr","locations":[{"start":{"line":157,"column":12},"end":{"line":163,"column":19}},{"start":{"line":165,"column":12},"end":{"line":165,"column":21}}],"line":156}},"s":{"0":2,"1":59,"2":59,"3":59,"4":59,"5":59,"6":24,"7":24,"8":59,"9":11,"10":11,"11":11,"12":11,"13":11,"14":3,"15":3,"16":3,"17":3,"18":3,"19":8,"20":6,"21":6,"22":6,"23":2,"24":4,"25":1,"26":3,"27":1,"28":6,"29":7,"30":4,"31":6,"32":0,"33":6,"34":2,"35":8,"36":59},"f":{"0":59,"1":24,"2":11,"3":7},"b":{"0":[3,0],"1":[6,2],"2":[8,6],"3":[2,4],"4":[1,3],"5":[1,0],"6":[1,2],"7":[4,3],"8":[7,5],"9":[2,2],"10":[0,6],"11":[59,6],"12":[59,2],"13":[59,2],"14":[11,48]},"_coverageSchema":"1a1c01bbd47fc00a2c39e90264f33305004495a9","hash":"7f0edb7c23c526d539c8755660c5bfde5bf4d799"}
,"/app/frontend/src/components/Modal.tsx": {"path":"/app/frontend/src/components/Modal.tsx","statementMap":{"0":{"start":{"line":4,"column":36},"end":{"line":55,"column":1}},"1":{"start":{"line":5,"column":2},"end":{"line":14,"column":24}},"2":{"start":{"line":6,"column":25},"end":{"line":10,"column":5}},"3":{"start":{"line":7,"column":6},"end":{"line":9,"column":7}},"4":{"start":{"line":8,"column":8},"end":{"line":8,"column":18}},"5":{"start":{"line":12,"column":4},"end":{"line":12,"column":55}},"6":{"start":{"line":13,"column":4},"end":{"line":13,"column":71}},"7":{"start":{"line":13,"column":17},"end":{"line":13,"column":70}},"8":{"start":{"line":16,"column":2},"end":{"line":16,"column":27}},"9":{"start":{"line":16,"column":15},"end":{"line":16,"column":27}},"10":{"start":{"line":18,"column":2},"end":{"line":54,"column":4}},"11":{"start":{"line":30,"column":22},"end":{"line":30,"column":41}}},"fnMap":{"0":{"name":"(anonymous_0)","decl":{"start":{"line":4,"column":36},"end":{"line":4,"column":37}},"loc":{"start":{"line":4,"column":78},"end":{"line":55,"column":1}},"line":4},"1":{"name":"(anonymous_1)","decl":{"start":{"line":5,"column":12},"end":{"line":5,"column":13}},"loc":{"start":{"line":5,"column":18},"end":{"line":14,"column":3}},"line":5},"2":{"name":"(anonymous_2)","decl":{"start":{"line":6,"column":25},"end":{"line":6,"column":26}},"loc":{"start":{"line":6,"column":47},"end":{"line":10,"column":5}},"line":6},"3":{"name":"(anonymous_3)","decl":{"start":{"line":13,"column":11},"end":{"line":13,"column":12}},"loc":{"start":{"line":13,"column":17},"end":{"line":13,"column":70}},"line":13},"4":{"name":"(anonymous_4)","decl":{"start":{"line":30,"column":17},"end":{"line":30,"column":18}},"loc":{"start":{"line":30,"column":22},"end":{"line":30,"column":41}},"line":30}},"branchMap":{"0":{"loc":{"start":{"line":7,"column":6},"end":{"line":9,"column":7}},"type":"if","locations":[{"start":{"line":7,"column":6},"end":{"line":9,"column":7}},{"start":{},"end":{}}],"line":7},"1":{"loc":{"start":{"line":7,"column":10},"end":{"line":7,"column":38}},"type":"binary-expr","locations":[{"start":{"line":7,"column":10},"end":{"line":7,"column":28}},{"start":{"line":7,"column":32},"end":{"line":7,"column":38}}],"line":7},"2":{"loc":{"start":{"line":16,"column":2},"end":{"line":16,"column":27}},"type":"if","locations":[{"start":{"line":16,"column":2},"end":{"line":16,"column":27}},{"start":{},"end":{}}],"line":16}},"s":{"0":3,"1":34,"2":34,"3":4,"4":2,"5":34,"6":34,"7":34,"8":34,"9":16,"10":18,"11":6},"f":{"0":34,"1":34,"2":4,"3":34,"4":6},"b":{"0":[2,2],"1":[4,3],"2":[16,18]},"_coverageSchema":"1a1c01bbd47fc00a2c39e90264f33305004495a9","hash":"d651b5130d318e1a52a6c43488843941e9866dc6"}
,"/app/frontend/src/components/PlayerHand.tsx": {"path":"/app/frontend/src/components/PlayerHand.tsx","statementMap":{"0":{"start":{"line":5,"column":46},"end":{"line":102,"column":1}},"1":{"start":{"line":13,"column":38},"end":{"line":13,"column":53}},"2":{"start":{"line":15,"column":21},"end":{"line":19,"column":3}},"3":{"start":{"line":16,"column":4},"end":{"line":16,"column":39}},"4":{"start":{"line":16,"column":26},"end":{"line":16,"column":39}},"5":{"start":{"line":17,"column":4},"end":{"line":17,"column":51}},"6":{"start":{"line":17,"column":39},"end":{"line":17,"column":51}},"7":{"start":{"line":18,"column":4},"end":{"line":18,"column":68}},"8":{"start":{"line":21,"column":22},"end":{"line":47,"column":24}},"9":{"start":{"line":22,"column":4},"end":{"line":46,"column":5}},"10":{"start":{"line":23,"column":33},"end":{"line":23,"column":35}},"11":{"start":{"line":24,"column":6},"end":{"line":29,"column":9}},"12":{"start":{"line":25,"column":8},"end":{"line":27,"column":9}},"13":{"start":{"line":26,"column":10},"end":{"line":26,"column":33}},"14":{"start":{"line":28,"column":8},"end":{"line":28,"column":37}},"15":{"start":{"line":31,"column":6},"end":{"line":36,"column":9}},"16":{"start":{"line":32,"column":8},"end":{"line":35,"column":11}},"17":{"start":{"line":33,"column":25},"end":{"line":33,"column":91}},"18":{"start":{"line":34,"column":10},"end":{"line":34,"column":67}},"19":{"start":{"line":37,"column":6},"end":{"line":37,"column":20}},"20":{"start":{"line":40,"column":6},"end":{"line":45,"column":8}},"21":{"start":{"line":42,"column":25},"end":{"line":42,"column":91}},"22":{"start":{"line":43,"column":10},"end":{"line":43,"column":67}},"23":{"start":{"line":49,"column":26},"end":{"line":56,"column":3}},"24":{"start":{"line":50,"column":4},"end":{"line":53,"column":5}},"25":{"start":{"line":51,"column":6},"end":{"line":51,"column":25}},"26":{"start":{"line":52,"column":6},"end":{"line":52,"column":13}},"27":{"start":{"line":54,"column":4},"end":{"line":54,"column":24}},"28":{"start":{"line":55,"column":4},"end":{"line":55,"column":63}},"29":{"start":{"line":58,"column":24},"end":{"line":60,"column":3}},"30":{"start":{"line":59,"column":4},"end":{"line":59,"column":25}},"31":{"start":{"line":62,"column":22},"end":{"line":82,"column":3}},"32":{"start":{"line":63,"column":4},"end":{"line":81,"column":7}},"33":{"start":{"line":64,"column":6},"end":{"line":80,"column":12}},"34":{"start":{"line":72,"column":28},"end":{"line":72,"column":52}},"35":{"start":{"line":84,"column":2},"end":{"line":101,"column":4}},"36":{"start":{"line":91,"column":10},"end":{"line":93,"column":16}}},"fnMap":{"0":{"name":"(anonymous_0)","decl":{"start":{"line":5,"column":46},"end":{"line":5,"column":47}},"loc":{"start":{"line":12,"column":6},"end":{"line":102,"column":1}},"line":12},"1":{"name":"(anonymous_1)","decl":{"start":{"line":15,"column":21},"end":{"line":15,"column":22}},"loc":{"start":{"line":15,"column":50},"end":{"line":19,"column":3}},"line":15},"2":{"name":"(anonymous_2)","decl":{"start":{"line":21,"column":30},"end":{"line":21,"column":31}},"loc":{"start":{"line":21,"column":36},"end":{"line":47,"column":3}},"line":21},"3":{"name":"(anonymous_3)","decl":{"start":{"line":24,"column":20},"end":{"line":24,"column":21}},"loc":{"start":{"line":24,"column":30},"end":{"line":29,"column":7}},"line":24},"4":{"name":"(anonymous_4)","decl":{"start":{"line":31,"column":34},"end":{"line":31,"column":35}},"loc":{"start":{"line":31,"column":44},"end":{"line":36,"column":7}},"line":31},"5":{"name":"(anonymous_5)","decl":{"start":{"line":32,"column":26},"end":{"line":32,"column":27}},"loc":{"start":{"line":32,"column":36},"end":{"line":35,"column":9}},"line":32},"6":{"name":"(anonymous_6)","decl":{"start":{"line":41,"column":29},"end":{"line":41,"column":30}},"loc":{"start":{"line":41,"column":39},"end":{"line":44,"column":9}},"line":41},"7":{"name":"(anonymous_7)","decl":{"start":{"line":49,"column":26},"end":{"line":49,"column":27}},"loc":{"start":{"line":49,"column":82},"end":{"line":56,"column":3}},"line":49},"8":{"name":"(anonymous_8)","decl":{"start":{"line":58,"column":24},"end":{"line":58,"column":25}},"loc":{"start":{"line":58,"column":30},"end":{"line":60,"column":3}},"line":58},"9":{"name":"(anonymous_9)","decl":{"start":{"line":62,"column":22},"end":{"line":62,"column":23}},"loc":{"start":{"line":62,"column":53},"end":{"line":82,"column":3}},"line":62},"10":{"name":"(anonymous_10)","decl":{"start":{"line":63,"column":29},"end":{"line":63,"column":30}},"loc":{"start":{"line":64,"column":6},"end":{"line":80,"column":12}},"line":64},"11":{"name":"(anonymous_11)","decl":{"start":{"line":72,"column":21},"end":{"line":72,"column":22}},"loc":{"start":{"line":72,"column":28},"end":{"line":72,"column":52}},"line":72},"12":{"name":"(anonymous_12)","decl":{"start":{"line":90,"column":40},"end":{"line":90,"column":41}},"loc":{"start":{"line":91,"column":10},"end":{"line":93,"column":16}},"line":91}},"branchMap":{"0":{"loc":{"start":{"line":11,"column":2},"end":{"line":11,"column":20}},"type":"default-arg","locations":[{"start":{"line":11,"column":14},"end":{"line":11,"column":20}}],"line":11},"1":{"loc":{"start":{"line":16,"column":4},"end":{"line":16,"column":39}},"type":"if","locations":[{"start":{"line":16,"column":4},"end":{"line":16,"column":39}},{"start":{},"end":{}}],"line":16},"2":{"loc":{"start":{"line":17,"column":4},"end":{"line":17,"column":51}},"type":"if","locations":[{"start":{"line":17,"column":4},"end":{"line":17,"column":51}},{"start":{},"end":{}}],"line":17},"3":{"loc":{"start":{"line":17,"column":8},"end":{"line":17,"column":37}},"type":"binary-expr","locations":[{"start":{"line":17,"column":8},"end":{"line":17,"column":20}},{"start":{"line":17,"column":24},"end":{"line":17,"column":37}}],"line":17},"4":{"loc":{"start":{"line":18,"column":11},"end":{"line":18,"column":67}},"type":"binary-expr","locations":[{"start":{"line":18,"column":11},"end":{"line":18,"column":36}},{"start":{"line":18,"column":40},"end":{"line":18,"column":67}}],"line":18},"5":{"loc":{"start":{"line":22,"column":4},"end":{"line":46,"column":5}},"type":"if","locations":[{"start":{"line":22,"column":4},"end":{"line":46,"column":5}},{"start":{"line":38,"column":11},"end":{"line":46,"column":5}}],"line":22},"6":{"loc":{"start":{"line":25,"column":8},"end":{"line":27,"column":9}},"type":"if","locations":[{"start":{"line":25,"column":8},"end":{"line":27,"column":9}},{"start":{},"end":{}}],"line":25},"7":{"loc":{"start":{"line":50,"column":4},"end":{"line":53,"column":5}},"type":"if","locations":[{"start":{"line":50,"column":4},"end":{"line":53,"column":5}},{"start":{},"end":{}}],"line":50},"8":{"loc":{"start":{"line":68,"column":12},"end":{"line":68,"column":37}},"type":"cond-expr","locations":[{"start":{"line":68,"column":24},"end":{"line":68,"column":32}},{"start":{"line":68,"column":35},"end":{"line":68,"column":37}}],"line":68},"9":{"loc":{"start":{"line":69,"column":12},"end":{"line":69,"column":57}},"type":"cond-expr","locations":[{"start":{"line":69,"column":25},"end":{"line":69,"column":52}},{"start":{"line":69,"column":55},"end":{"line":69,"column":57}}],"line":69},"10":{"loc":{"start":{"line":89,"column":7},"end":{"line":99,"column":7}},"type":"cond-expr","locations":[{"start":{"line":90,"column":8},"end":{"line":94,"column":10}},{"start":{"line":96,"column":8},"end":{"line":98,"column":14}}],"line":89}},"s":{"0":2,"1":22,"2":22,"3":116,"4":6,"5":110,"6":0,"7":110,"8":22,"9":22,"10":21,"11":21,"12":55,"13":55,"14":55,"15":21,"16":55,"17":0,"18":0,"19":21,"20":1,"21":4,"22":4,"23":22,"24":0,"25":0,"26":0,"27":0,"28":0,"29":22,"30":0,"31":22,"32":56,"33":58,"34":0,"35":22,"36":55},"f":{"0":22,"1":116,"2":22,"3":55,"4":55,"5":0,"6":4,"7":0,"8":0,"9":56,"10":58,"11":0,"12":55},"b":{"0":[13],"1":[6,110],"2":[0,110],"3":[110,0],"4":[110,72],"5":[21,1],"6":[55,0],"7":[0,0],"8":[2,56],"9":[0,58],"10":[21,1]},"_coverageSchema":"1a1c01bbd47fc00a2c39e90264f33305004495a9","hash":"14866d24f98f0c60539a906fc975f796af96a4b1"}
,"/app/frontend/src/components/PlayerInviteSection.tsx": {"path":"/app/frontend/src/components/PlayerInviteSection.tsx","statementMap":{"0":{"start":{"line":17,"column":64},"end":{"line":165,"column":1}},"1":{"start":{"line":22,"column":38},"end":{"line":22,"column":50}},"2":{"start":{"line":23,"column":44},"end":{"line":23,"column":97}},"3":{"start":{"line":24,"column":32},"end":{"line":24,"column":47}},"4":{"start":{"line":25,"column":28},"end":{"line":25,"column":40}},"5":{"start":{"line":28,"column":25},"end":{"line":28,"column":63}},"6":{"start":{"line":30,"column":23},"end":{"line":68,"column":3}},"7":{"start":{"line":31,"column":4},"end":{"line":34,"column":5}},"8":{"start":{"line":32,"column":6},"end":{"line":32,"column":27}},"9":{"start":{"line":33,"column":6},"end":{"line":33,"column":13}},"10":{"start":{"line":36,"column":4},"end":{"line":36,"column":21}},"11":{"start":{"line":37,"column":4},"end":{"line":37,"column":17}},"12":{"start":{"line":39,"column":4},"end":{"line":67,"column":5}},"13":{"start":{"line":40,"column":26},"end":{"line":40,"column":42}},"14":{"start":{"line":41,"column":23},"end":{"line":48,"column":7}},"15":{"start":{"line":51,"column":30},"end":{"line":53,"column":7}},"16":{"start":{"line":52,"column":42},"end":{"line":52,"column":107}},"17":{"start":{"line":52,"column":76},"end":{"line":52,"column":106}},"18":{"start":{"line":56,"column":28},"end":{"line":59,"column":9}},"19":{"start":{"line":56,"column":123},"end":{"line":59,"column":7}},"20":{"start":{"line":61,"column":6},"end":{"line":61,"column":38}},"21":{"start":{"line":62,"column":6},"end":{"line":62,"column":24}},"22":{"start":{"line":64,"column":6},"end":{"line":64,"column":55}},"23":{"start":{"line":65,"column":6},"end":{"line":65,"column":62}},"24":{"start":{"line":66,"column":6},"end":{"line":66,"column":24}},"25":{"start":{"line":71,"column":2},"end":{"line":79,"column":19}},"26":{"start":{"line":72,"column":18},"end":{"line":76,"column":11}},"27":{"start":{"line":73,"column":6},"end":{"line":75,"column":7}},"28":{"start":{"line":74,"column":8},"end":{"line":74,"column":23}},"29":{"start":{"line":78,"column":4},"end":{"line":78,"column":37}},"30":{"start":{"line":78,"column":17},"end":{"line":78,"column":36}},"31":{"start":{"line":81,"column":2},"end":{"line":164,"column":4}},"32":{"start":{"line":100,"column":33},"end":{"line":100,"column":62}},"33":{"start":{"line":122,"column":18},"end":{"line":131,"column":23}},"34":{"start":{"line":125,"column":37},"end":{"line":125,"column":62}},"35":{"start":{"line":144,"column":14},"end":{"line":158,"column":19}}},"fnMap":{"0":{"name":"(anonymous_0)","decl":{"start":{"line":17,"column":64},"end":{"line":17,"column":65}},"loc":{"start":{"line":21,"column":6},"end":{"line":165,"column":1}},"line":21},"1":{"name":"(anonymous_1)","decl":{"start":{"line":30,"column":23},"end":{"line":30,"column":24}},"loc":{"start":{"line":30,"column":35},"end":{"line":68,"column":3}},"line":30},"2":{"name":"(anonymous_2)","decl":{"start":{"line":52,"column":8},"end":{"line":52,"column":9}},"loc":{"start":{"line":52,"column":42},"end":{"line":52,"column":107}},"line":52},"3":{"name":"(anonymous_3)","decl":{"start":{"line":52,"column":63},"end":{"line":52,"column":64}},"loc":{"start":{"line":52,"column":76},"end":{"line":52,"column":106}},"line":52},"4":{"name":"(anonymous_4)","decl":{"start":{"line":56,"column":48},"end":{"line":56,"column":49}},"loc":{"start":{"line":56,"column":123},"end":{"line":59,"column":7}},"line":56},"5":{"name":"(anonymous_5)","decl":{"start":{"line":71,"column":12},"end":{"line":71,"column":13}},"loc":{"start":{"line":71,"column":18},"end":{"line":79,"column":3}},"line":71},"6":{"name":"(anonymous_6)","decl":{"start":{"line":72,"column":29},"end":{"line":72,"column":30}},"loc":{"start":{"line":72,"column":35},"end":{"line":76,"column":5}},"line":72},"7":{"name":"(anonymous_7)","decl":{"start":{"line":78,"column":11},"end":{"line":78,"column":12}},"loc":{"start":{"line":78,"column":17},"end":{"line":78,"column":36}},"line":78},"8":{"name":"(anonymous_8)","decl":{"start":{"line":100,"column":26},"end":{"line":100,"column":27}},"loc":{"start":{"line":100,"column":33},"end":{"line":100,"column":62}},"line":100},"9":{"name":"(anonymous_9)","decl":{"start":{"line":121,"column":35},"end":{"line":121,"column":36}},"loc":{"start":{"line":122,"column":18},"end":{"line":131,"column":23}},"line":122},"10":{"name":"(anonymous_10)","decl":{"start":{"line":125,"column":31},"end":{"line":125,"column":32}},"loc":{"start":{"line":125,"column":37},"end":{"line":125,"column":62}},"line":125},"11":{"name":"(anonymous_11)","decl":{"start":{"line":143,"column":32},"end":{"line":143,"column":33}},"loc":{"start":{"line":144,"column":14},"end":{"line":158,"column":19}},"line":144}},"branchMap":{"0":{"loc":{"start":{"line":31,"column":4},"end":{"line":34,"column":5}},"type":"if","locations":[{"start":{"line":31,"column":4},"end":{"line":34,"column":5}},{"start":{},"end":{}}],"line":31},"1":{"loc":{"start":{"line":58,"column":18},"end":{"line":58,"column":56}},"type":"binary-expr","locations":[{"start":{"line":58,"column":18},"end":{"line":58,"column":37}},{"start":{"line":58,"column":41},"end":{"line":58,"column":56}}],"line":58},"2":{"loc":{"start":{"line":73,"column":6},"end":{"line":75,"column":7}},"type":"if","locations":[{"start":{"line":73,"column":6},"end":{"line":75,"column":7}},{"start":{},"end":{}}],"line":73},"3":{"loc":{"start":{"line":83,"column":7},"end":{"line":137,"column":7}},"type":"cond-expr","locations":[{"start":{"line":84,"column":8},"end":{"line":88,"column":14}},{"start":{"line":90,"column":8},"end":{"line":136,"column":11}}],"line":83},"4":{"loc":{"start":{"line":107,"column":26},"end":{"line":107,"column":55}},"type":"binary-expr","locations":[{"start":{"line":107,"column":26},"end":{"line":107,"column":33}},{"start":{"line":107,"column":37},"end":{"line":107,"column":55}}],"line":107},"5":{"loc":{"start":{"line":111,"column":17},"end":{"line":111,"column":43}},"type":"cond-expr","locations":[{"start":{"line":111,"column":27},"end":{"line":111,"column":32}},{"start":{"line":111,"column":35},"end":{"line":111,"column":43}}],"line":111},"6":{"loc":{"start":{"line":114,"column":13},"end":{"line":114,"column":119}},"type":"binary-expr","locations":[{"start":{"line":114,"column":13},"end":{"line":114,"column":18}},{"start":{"line":114,"column":22},"end":{"line":114,"column":119}}],"line":114},"7":{"loc":{"start":{"line":117,"column":11},"end":{"line":135,"column":11}},"type":"binary-expr","locations":[{"start":{"line":117,"column":11},"end":{"line":117,"column":35}},{"start":{"line":118,"column":12},"end":{"line":134,"column":18}}],"line":117},"8":{"loc":{"start":{"line":139,"column":7},"end":{"line":162,"column":7}},"type":"binary-expr","locations":[{"start":{"line":139,"column":7},"end":{"line":139,"column":32}},{"start":{"line":140,"column":8},"end":{"line":161,"column":14}}],"line":139},"9":{"loc":{"start":{"line":148,"column":20},"end":{"line":152,"column":95}},"type":"cond-expr","locations":[{"start":{"line":149,"column":24},"end":{"line":149,"column":91}},{"start":{"line":150,"column":24},"end":{"line":152,"column":95}}],"line":148},"10":{"loc":{"start":{"line":150,"column":24},"end":{"line":152,"column":95}},"type":"cond-expr","locations":[{"start":{"line":151,"column":24},"end":{"line":151,"column":83}},{"start":{"line":152,"column":24},"end":{"line":152,"column":95}}],"line":150}},"s":{"0":1,"1":32,"2":32,"3":32,"4":32,"5":32,"6":32,"7":8,"8":0,"9":0,"10":8,"11":8,"12":8,"13":8,"14":8,"15":6,"16":8,"17":22,"18":6,"19":7,"20":6,"21":6,"22":2,"23":2,"24":2,"25":32,"26":17,"27":7,"28":7,"29":17,"30":17,"31":32,"32":8,"33":7,"34":1,"35":96},"f":{"0":32,"1":8,"2":8,"3":22,"4":7,"5":17,"6":7,"7":17,"8":8,"9":7,"10":1,"11":96},"b":{"0":[0,8],"1":[7,0],"2":[7,0],"3":[1,31],"4":[31,23],"5":[8,23],"6":[31,3],"7":[31,5],"8":[32,32],"9":[32,64],"10":[32,32]},"_coverageSchema":"1a1c01bbd47fc00a2c39e90264f33305004495a9","hash":"ad5ff4db3aedbedd8936cc8fcb1a16828c166593"}
,"/app/frontend/src/components/PlayerList.tsx": {"path":"/app/frontend/src/components/PlayerList.tsx","statementMap":{"0":{"start":{"line":11,"column":46},"end":{"line":192,"column":1}},"1":{"start":{"line":17,"column":2},"end":{"line":191,"column":4}},"2":{"start":{"line":22,"column":10},"end":{"line":61,"column":15}},"3":{"start":{"line":53,"column":33},"end":{"line":53,"column":58}}},"fnMap":{"0":{"name":"(anonymous_0)","decl":{"start":{"line":11,"column":46},"end":{"line":11,"column":47}},"loc":{"start":{"line":16,"column":6},"end":{"line":192,"column":1}},"line":16},"1":{"name":"(anonymous_1)","decl":{"start":{"line":21,"column":21},"end":{"line":21,"column":22}},"loc":{"start":{"line":22,"column":10},"end":{"line":61,"column":15}},"line":22},"2":{"name":"(anonymous_2)","decl":{"start":{"line":53,"column":27},"end":{"line":53,"column":28}},"loc":{"start":{"line":53,"column":33},"end":{"line":53,"column":58}},"line":53}},"branchMap":{"0":{"loc":{"start":{"line":15,"column":2},"end":{"line":15,"column":26}},"type":"default-arg","locations":[{"start":{"line":15,"column":21},"end":{"line":15,"column":26}}],"line":15},"1":{"loc":{"start":{"line":24,"column":38},"end":{"line":24,"column":72}},"type":"cond-expr","locations":[{"start":{"line":24,"column":53},"end":{"line":24,"column":67}},{"start":{"line":24,"column":70},"end":{"line":24,"column":72}}],"line":24},"2":{"loc":{"start":{"line":28,"column":15},"end":{"line":34,"column":15}},"type":"binary-expr","locations":[{"start":{"line":28,"column":15},"end":{"line":28,"column":32}},{"start":{"line":29,"column":16},"end":{"line":33,"column":18}}],"line":28},"3":{"loc":{"start":{"line":38,"column":19},"end":{"line":38,"column":60}},"type":"binary-expr","locations":[{"start":{"line":38,"column":19},"end":{"line":38,"column":48}},{"start":{"line":38,"column":52},"end":{"line":38,"column":60}}],"line":38},"4":{"loc":{"start":{"line":46,"column":15},"end":{"line":50,"column":15}},"type":"binary-expr","locations":[{"start":{"line":46,"column":15},"end":{"line":46,"column":27}},{"start":{"line":47,"column":16},"end":{"line":49,"column":23}}],"line":46},"5":{"loc":{"start":{"line":51,"column":15},"end":{"line":59,"column":15}},"type":"binary-expr","locations":[{"start":{"line":51,"column":15},"end":{"line":51,"column":31}},{"start":{"line":51,"column":35},"end":{"line":51,"column":49}},{"start":{"line":51,"column":53},"end":{"line":51,"column":82}},{"start":{"line":52,"column":16},"end":{"line":58,"column":25}}],"line":51}},"s":{"0":2,"1":18,"2":45,"3":2},"f":{"0":18,"1":45,"2":2},"b":{"0":[0],"1":[17,28],"2":[45,9],"3":[45,18],"4":[45,17],"5":[45,27,27,15]},"_coverageSchema":"1a1c01bbd47fc00a2c39e90264f33305004495a9","hash":"faad3de65a678e0d060545020ec2d1b03ccc4106"}
,"/app/frontend/src/components/PlayerManagement.tsx": {"path":"/app/frontend/src/components/PlayerManagement.tsx","statementMap":{"0":{"start":{"line":6,"column":58},"end":{"line":100,"column":1}},"1":{"start":{"line":14,"column":24},"end":{"line":14,"column":69}},"2":{"start":{"line":14,"column":44},"end":{"line":14,"column":68}},"3":{"start":{"line":16,"column":2},"end":{"line":99,"column":4}},"4":{"start":{"line":21,"column":38},"end":{"line":21,"column":63}},"5":{"start":{"line":22,"column":47},"end":{"line":22,"column":51}}},"fnMap":{"0":{"name":"(anonymous_0)","decl":{"start":{"line":6,"column":58},"end":{"line":6,"column":59}},"loc":{"start":{"line":13,"column":6},"end":{"line":100,"column":1}},"line":13},"1":{"name":"(anonymous_1)","decl":{"start":{"line":14,"column":37},"end":{"line":14,"column":38}},"loc":{"start":{"line":14,"column":44},"end":{"line":14,"column":68}},"line":14},"2":{"name":"(anonymous_2)","decl":{"start":{"line":21,"column":26},"end":{"line":21,"column":27}},"loc":{"start":{"line":21,"column":38},"end":{"line":21,"column":63}},"line":21},"3":{"name":"(anonymous_3)","decl":{"start":{"line":22,"column":40},"end":{"line":22,"column":41}},"loc":{"start":{"line":22,"column":47},"end":{"line":22,"column":51}},"line":22}},"branchMap":{"0":{"loc":{"start":{"line":38,"column":37},"end":{"line":38,"column":72}},"type":"cond-expr","locations":[{"start":{"line":38,"column":60},"end":{"line":38,"column":67}},{"start":{"line":38,"column":70},"end":{"line":38,"column":72}}],"line":38},"1":{"loc":{"start":{"line":41,"column":11},"end":{"line":41,"column":55}},"type":"cond-expr","locations":[{"start":{"line":41,"column":34},"end":{"line":41,"column":45}},{"start":{"line":41,"column":48},"end":{"line":41,"column":55}}],"line":41}},"s":{"0":1,"1":9,"2":9,"3":9,"4":1,"5":18},"f":{"0":9,"1":9,"2":1,"3":18},"b":{"0":[8,1],"1":[8,1]},"_coverageSchema":"1a1c01bbd47fc00a2c39e90264f33305004495a9","hash":"0d7bf4fc2d06da144e634ed293b83b1e6c5fe9cf"}
,"/app/frontend/src/components/PlayerRegistration.tsx": {"path":"/app/frontend/src/components/PlayerRegistration.tsx","statementMap":{"0":{"start":{"line":25,"column":37},"end":{"line":317,"column":1}},"1":{"start":{"line":26,"column":17},"end":{"line":26,"column":28}},"2":{"start":{"line":27,"column":34},"end":{"line":36,"column":4}},"3":{"start":{"line":38,"column":30},"end":{"line":38,"column":77}},"4":{"start":{"line":39,"column":32},"end":{"line":39,"column":52}},"5":{"start":{"line":40,"column":36},"end":{"line":40,"column":51}},"6":{"start":{"line":42,"column":23},"end":{"line":48,"column":3}},"7":{"start":{"line":43,"column":28},"end":{"line":43,"column":36}},"8":{"start":{"line":44,"column":4},"end":{"line":47,"column":7}},"9":{"start":{"line":50,"column":23},"end":{"line":133,"column":3}},"10":{"start":{"line":51,"column":4},"end":{"line":51,"column":23}},"11":{"start":{"line":52,"column":4},"end":{"line":52,"column":18}},"12":{"start":{"line":53,"column":4},"end":{"line":53,"column":19}},"13":{"start":{"line":54,"column":4},"end":{"line":54,"column":23}},"14":{"start":{"line":56,"column":4},"end":{"line":132,"column":5}},"15":{"start":{"line":57,"column":23},"end":{"line":68,"column":8}},"16":{"start":{"line":70,"column":6},"end":{"line":70,"column":69}},"17":{"start":{"line":72,"column":6},"end":{"line":81,"column":9}},"18":{"start":{"line":84,"column":6},"end":{"line":86,"column":15}},"19":{"start":{"line":85,"column":8},"end":{"line":85,"column":30}},"20":{"start":{"line":89,"column":6},"end":{"line":130,"column":7}},"21":{"start":{"line":90,"column":29},"end":{"line":90,"column":48}},"22":{"start":{"line":93,"column":67},"end":{"line":93,"column":69}},"23":{"start":{"line":96,"column":8},"end":{"line":98,"column":9}},"24":{"start":{"line":97,"column":10},"end":{"line":97,"column":56}},"25":{"start":{"line":100,"column":8},"end":{"line":104,"column":9}},"26":{"start":{"line":101,"column":10},"end":{"line":103,"column":44}},"27":{"start":{"line":107,"column":53},"end":{"line":116,"column":9}},"28":{"start":{"line":119,"column":8},"end":{"line":125,"column":11}},"29":{"start":{"line":121,"column":10},"end":{"line":124,"column":11}},"30":{"start":{"line":122,"column":30},"end":{"line":122,"column":54}},"31":{"start":{"line":123,"column":12},"end":{"line":123,"column":97}},"32":{"start":{"line":127,"column":8},"end":{"line":127,"column":35}},"33":{"start":{"line":129,"column":8},"end":{"line":129,"column":91}},"34":{"start":{"line":131,"column":6},"end":{"line":131,"column":26}},"35":{"start":{"line":136,"column":26},"end":{"line":140,"column":3}},"36":{"start":{"line":137,"column":18},"end":{"line":137,"column":35}},"37":{"start":{"line":138,"column":4},"end":{"line":138,"column":26}},"38":{"start":{"line":138,"column":16},"end":{"line":138,"column":26}},"39":{"start":{"line":139,"column":4},"end":{"line":139,"column":59}},"40":{"start":{"line":142,"column":2},"end":{"line":316,"column":4}}},"fnMap":{"0":{"name":"(anonymous_0)","decl":{"start":{"line":25,"column":37},"end":{"line":25,"column":38}},"loc":{"start":{"line":25,"column":43},"end":{"line":317,"column":1}},"line":25},"1":{"name":"(anonymous_1)","decl":{"start":{"line":42,"column":23},"end":{"line":42,"column":24}},"loc":{"start":{"line":42,"column":67},"end":{"line":48,"column":3}},"line":42},"2":{"name":"(anonymous_2)","decl":{"start":{"line":50,"column":23},"end":{"line":50,"column":24}},"loc":{"start":{"line":50,"column":53},"end":{"line":133,"column":3}},"line":50},"3":{"name":"(anonymous_3)","decl":{"start":{"line":84,"column":17},"end":{"line":84,"column":18}},"loc":{"start":{"line":84,"column":23},"end":{"line":86,"column":7}},"line":84},"4":{"name":"(anonymous_4)","decl":{"start":{"line":119,"column":45},"end":{"line":119,"column":46}},"loc":{"start":{"line":119,"column":63},"end":{"line":125,"column":9}},"line":119},"5":{"name":"(anonymous_5)","decl":{"start":{"line":136,"column":26},"end":{"line":136,"column":27}},"loc":{"start":{"line":136,"column":57},"end":{"line":140,"column":3}},"line":136}},"branchMap":{"0":{"loc":{"start":{"line":62,"column":20},"end":{"line":62,"column":51}},"type":"binary-expr","locations":[{"start":{"line":62,"column":20},"end":{"line":62,"column":38}},{"start":{"line":62,"column":42},"end":{"line":62,"column":51}}],"line":62},"1":{"loc":{"start":{"line":63,"column":19},"end":{"line":63,"column":49}},"type":"binary-expr","locations":[{"start":{"line":63,"column":19},"end":{"line":63,"column":36}},{"start":{"line":63,"column":40},"end":{"line":63,"column":49}}],"line":63},"2":{"loc":{"start":{"line":64,"column":23},"end":{"line":64,"column":56}},"type":"binary-expr","locations":[{"start":{"line":64,"column":23},"end":{"line":64,"column":43}},{"start":{"line":64,"column":47},"end":{"line":64,"column":56}}],"line":64},"3":{"loc":{"start":{"line":65,"column":18},"end":{"line":65,"column":48}},"type":"binary-expr","locations":[{"start":{"line":65,"column":18},"end":{"line":65,"column":35}},{"start":{"line":65,"column":39},"end":{"line":65,"column":48}}],"line":65},"4":{"loc":{"start":{"line":89,"column":6},"end":{"line":130,"column":7}},"type":"if","locations":[{"start":{"line":89,"column":6},"end":{"line":130,"column":7}},{"start":{"line":128,"column":13},"end":{"line":130,"column":7}}],"line":89},"5":{"loc":{"start":{"line":89,"column":10},"end":{"line":89,"column":53}},"type":"binary-expr","locations":[{"start":{"line":89,"column":10},"end":{"line":89,"column":35}},{"start":{"line":89,"column":39},"end":{"line":89,"column":53}}],"line":89},"6":{"loc":{"start":{"line":96,"column":8},"end":{"line":98,"column":9}},"type":"if","locations":[{"start":{"line":96,"column":8},"end":{"line":98,"column":9}},{"start":{},"end":{}}],"line":96},"7":{"loc":{"start":{"line":100,"column":8},"end":{"line":104,"column":9}},"type":"if","locations":[{"start":{"line":100,"column":8},"end":{"line":104,"column":9}},{"start":{},"end":{}}],"line":100},"8":{"loc":{"start":{"line":101,"column":36},"end":{"line":103,"column":43}},"type":"cond-expr","locations":[{"start":{"line":102,"column":14},"end":{"line":102,"column":54}},{"start":{"line":103,"column":14},"end":{"line":103,"column":43}}],"line":101},"9":{"loc":{"start":{"line":121,"column":10},"end":{"line":124,"column":11}},"type":"if","locations":[{"start":{"line":121,"column":10},"end":{"line":124,"column":11}},{"start":{},"end":{}}],"line":121},"10":{"loc":{"start":{"line":121,"column":14},"end":{"line":121,"column":60}},"type":"binary-expr","locations":[{"start":{"line":121,"column":14},"end":{"line":121,"column":30}},{"start":{"line":121,"column":34},"end":{"line":121,"column":60}}],"line":121},"11":{"loc":{"start":{"line":122,"column":30},"end":{"line":122,"column":54}},"type":"binary-expr","locations":[{"start":{"line":122,"column":30},"end":{"line":122,"column":47}},{"start":{"line":122,"column":51},"end":{"line":122,"column":54}}],"line":122},"12":{"loc":{"start":{"line":123,"column":41},"end":{"line":123,"column":96}},"type":"cond-expr","locations":[{"start":{"line":123,"column":64},"end":{"line":123,"column":80}},{"start":{"line":123,"column":83},"end":{"line":123,"column":96}}],"line":123},"13":{"loc":{"start":{"line":138,"column":4},"end":{"line":138,"column":26}},"type":"if","locations":[{"start":{"line":138,"column":4},"end":{"line":138,"column":26}},{"start":{},"end":{}}],"line":138},"14":{"loc":{"start":{"line":139,"column":11},"end":{"line":139,"column":58}},"type":"cond-expr","locations":[{"start":{"line":139,"column":34},"end":{"line":139,"column":50}},{"start":{"line":139,"column":53},"end":{"line":139,"column":58}}],"line":139},"15":{"loc":{"start":{"line":146,"column":7},"end":{"line":150,"column":7}},"type":"binary-expr","locations":[{"start":{"line":146,"column":7},"end":{"line":146,"column":14}},{"start":{"line":147,"column":8},"end":{"line":149,"column":14}}],"line":146},"16":{"loc":{"start":{"line":153,"column":7},"end":{"line":157,"column":7}},"type":"binary-expr","locations":[{"start":{"line":153,"column":7},"end":{"line":153,"column":21}},{"start":{"line":154,"column":8},"end":{"line":156,"column":14}}],"line":153},"17":{"loc":{"start":{"line":174,"column":11},"end":{"line":174,"column":137}},"type":"binary-expr","locations":[{"start":{"line":174,"column":11},"end":{"line":174,"column":26}},{"start":{"line":174,"column":30},"end":{"line":174,"column":137}}],"line":174},"18":{"loc":{"start":{"line":192,"column":11},"end":{"line":192,"column":137}},"type":"binary-expr","locations":[{"start":{"line":192,"column":11},"end":{"line":192,"column":26}},{"start":{"line":192,"column":30},"end":{"line":192,"column":137}}],"line":192},"19":{"loc":{"start":{"line":209,"column":11},"end":{"line":209,"column":128}},"type":"binary-expr","locations":[{"start":{"line":209,"column":11},"end":{"line":209,"column":23}},{"start":{"line":209,"column":27},"end":{"line":209,"column":128}}],"line":209},"20":{"loc":{"start":{"line":226,"column":11},"end":{"line":226,"column":137}},"type":"binary-expr","locations":[{"start":{"line":226,"column":11},"end":{"line":226,"column":26}},{"start":{"line":226,"column":30},"end":{"line":226,"column":137}}],"line":226},"21":{"loc":{"start":{"line":243,"column":11},"end":{"line":243,"column":159}},"type":"binary-expr","locations":[{"start":{"line":243,"column":11},"end":{"line":243,"column":33}},{"start":{"line":243,"column":37},"end":{"line":243,"column":159}}],"line":243},"22":{"loc":{"start":{"line":260,"column":13},"end":{"line":260,"column":143}},"type":"binary-expr","locations":[{"start":{"line":260,"column":13},"end":{"line":260,"column":29}},{"start":{"line":260,"column":33},"end":{"line":260,"column":143}}],"line":260},"23":{"loc":{"start":{"line":276,"column":13},"end":{"line":276,"column":140}},"type":"binary-expr","locations":[{"start":{"line":276,"column":13},"end":{"line":276,"column":28}},{"start":{"line":276,"column":32},"end":{"line":276,"column":140}}],"line":276},"24":{"loc":{"start":{"line":293,"column":11},"end":{"line":293,"column":148}},"type":"binary-expr","locations":[{"start":{"line":293,"column":11},"end":{"line":293,"column":29}},{"start":{"line":293,"column":33},"end":{"line":293,"column":148}}],"line":293},"25":{"loc":{"start":{"line":302,"column":11},"end":{"line":312,"column":11}},"type":"cond-expr","locations":[{"start":{"line":303,"column":12},"end":{"line":309,"column":19}},{"start":{"line":311,"column":12},"end":{"line":311,"column":22}}],"line":302}},"s":{"0":2,"1":110,"2":110,"3":110,"4":110,"5":110,"6":110,"7":71,"8":71,"9":110,"10":12,"11":12,"12":12,"13":12,"14":12,"15":12,"16":4,"17":4,"18":4,"19":3,"20":8,"21":6,"22":6,"23":6,"24":1,"25":6,"26":1,"27":6,"28":6,"29":11,"30":9,"31":9,"32":6,"33":2,"34":8,"35":110,"36":13,"37":13,"38":0,"39":13,"40":110},"f":{"0":110,"1":71,"2":12,"3":3,"4":11,"5":13},"b":{"0":[12,12],"1":[12,12],"2":[12,12],"3":[12,0],"4":[6,2],"5":[8,6],"6":[1,5],"7":[1,5],"8":[1,0],"9":[9,2],"10":[11,10],"11":[9,0],"12":[9,0],"13":[0,13],"14":[0,13],"15":[110,2],"16":[110,4],"17":[110,3],"18":[110,0],"19":[110,2],"20":[110,2],"21":[110,2],"22":[110,0],"23":[110,0],"24":[110,0],"25":[15,95]},"_coverageSchema":"1a1c01bbd47fc00a2c39e90264f33305004495a9","hash":"5191bc6f8b60e8cc48e4294b6be5142c13406517"}
,"/app/frontend/src/components/PlayerSearch.tsx": {"path":"/app/frontend/src/components/PlayerSearch.tsx","statementMap":{"0":{"start":{"line":11,"column":50},"end":{"line":221,"column":1}},"1":{"start":{"line":12,"column":38},"end":{"line":12,"column":50}},"2":{"start":{"line":13,"column":32},"end":{"line":13,"column":54}},"3":{"start":{"line":14,"column":36},"end":{"line":14,"column":51}},"4":{"start":{"line":15,"column":28},"end":{"line":15,"column":57}},"5":{"start":{"line":17,"column":24},"end":{"line":45,"column":3}},"6":{"start":{"line":19,"column":6},"end":{"line":22,"column":7}},"7":{"start":{"line":20,"column":8},"end":{"line":20,"column":23}},"8":{"start":{"line":21,"column":8},"end":{"line":21,"column":15}},"9":{"start":{"line":24,"column":6},"end":{"line":24,"column":25}},"10":{"start":{"line":25,"column":6},"end":{"line":25,"column":21}},"11":{"start":{"line":27,"column":6},"end":{"line":42,"column":7}},"12":{"start":{"line":28,"column":25},"end":{"line":28,"column":61}},"13":{"start":{"line":29,"column":8},"end":{"line":31,"column":9}},"14":{"start":{"line":30,"column":10},"end":{"line":30,"column":42}},"15":{"start":{"line":33,"column":32},"end":{"line":35,"column":9}},"16":{"start":{"line":34,"column":22},"end":{"line":34,"column":59}},"17":{"start":{"line":36,"column":8},"end":{"line":36,"column":36}},"18":{"start":{"line":38,"column":8},"end":{"line":38,"column":82}},"19":{"start":{"line":39,"column":8},"end":{"line":39,"column":23}},"20":{"start":{"line":41,"column":8},"end":{"line":41,"column":28}},"21":{"start":{"line":47,"column":2},"end":{"line":52,"column":34}},"22":{"start":{"line":48,"column":4},"end":{"line":48,"column":30}},"23":{"start":{"line":49,"column":4},"end":{"line":51,"column":6}},"24":{"start":{"line":50,"column":6},"end":{"line":50,"column":29}},"25":{"start":{"line":54,"column":2},"end":{"line":220,"column":4}},"26":{"start":{"line":60,"column":27},"end":{"line":60,"column":56}},"27":{"start":{"line":76,"column":10},"end":{"line":96,"column":15}},"28":{"start":{"line":81,"column":27},"end":{"line":81,"column":49}}},"fnMap":{"0":{"name":"(anonymous_0)","decl":{"start":{"line":11,"column":50},"end":{"line":11,"column":51}},"loc":{"start":{"line":11,"column":97},"end":{"line":221,"column":1}},"line":11},"1":{"name":"(anonymous_1)","decl":{"start":{"line":18,"column":13},"end":{"line":18,"column":14}},"loc":{"start":{"line":18,"column":37},"end":{"line":43,"column":5}},"line":18},"2":{"name":"(anonymous_2)","decl":{"start":{"line":34,"column":10},"end":{"line":34,"column":11}},"loc":{"start":{"line":34,"column":22},"end":{"line":34,"column":59}},"line":34},"3":{"name":"(anonymous_3)","decl":{"start":{"line":47,"column":12},"end":{"line":47,"column":13}},"loc":{"start":{"line":47,"column":18},"end":{"line":52,"column":3}},"line":47},"4":{"name":"(anonymous_4)","decl":{"start":{"line":49,"column":11},"end":{"line":49,"column":12}},"loc":{"start":{"line":49,"column":17},"end":{"line":51,"column":5}},"line":49},"5":{"name":"(anonymous_5)","decl":{"start":{"line":60,"column":20},"end":{"line":60,"column":21}},"loc":{"start":{"line":60,"column":27},"end":{"line":60,"column":56}},"line":60},"6":{"name":"(anonymous_6)","decl":{"start":{"line":75,"column":21},"end":{"line":75,"column":22}},"loc":{"start":{"line":76,"column":10},"end":{"line":96,"column":15}},"line":76},"7":{"name":"(anonymous_7)","decl":{"start":{"line":81,"column":21},"end":{"line":81,"column":22}},"loc":{"start":{"line":81,"column":27},"end":{"line":81,"column":49}},"line":81}},"branchMap":{"0":{"loc":{"start":{"line":11,"column":69},"end":{"line":11,"column":90}},"type":"default-arg","locations":[{"start":{"line":11,"column":88},"end":{"line":11,"column":90}}],"line":11},"1":{"loc":{"start":{"line":19,"column":6},"end":{"line":22,"column":7}},"type":"if","locations":[{"start":{"line":19,"column":6},"end":{"line":22,"column":7}},{"start":{},"end":{}}],"line":19},"2":{"loc":{"start":{"line":29,"column":8},"end":{"line":31,"column":9}},"type":"if","locations":[{"start":{"line":29,"column":8},"end":{"line":31,"column":9}},{"start":{},"end":{}}],"line":29},"3":{"loc":{"start":{"line":38,"column":17},"end":{"line":38,"column":80}},"type":"cond-expr","locations":[{"start":{"line":38,"column":40},"end":{"line":38,"column":51}},{"start":{"line":38,"column":54},"end":{"line":38,"column":80}}],"line":38},"4":{"loc":{"start":{"line":65,"column":9},"end":{"line":65,"column":77}},"type":"binary-expr","locations":[{"start":{"line":65,"column":9},"end":{"line":65,"column":18}},{"start":{"line":65,"column":22},"end":{"line":65,"column":77}}],"line":65},"5":{"loc":{"start":{"line":68,"column":7},"end":{"line":72,"column":7}},"type":"binary-expr","locations":[{"start":{"line":68,"column":7},"end":{"line":68,"column":12}},{"start":{"line":69,"column":8},"end":{"line":71,"column":14}}],"line":68},"6":{"loc":{"start":{"line":84,"column":15},"end":{"line":90,"column":15}},"type":"binary-expr","locations":[{"start":{"line":84,"column":15},"end":{"line":84,"column":32}},{"start":{"line":85,"column":16},"end":{"line":89,"column":18}}],"line":84},"7":{"loc":{"start":{"line":98,"column":9},"end":{"line":100,"column":9}},"type":"binary-expr","locations":[{"start":{"line":98,"column":9},"end":{"line":98,"column":29}},{"start":{"line":98,"column":33},"end":{"line":98,"column":43}},{"start":{"line":98,"column":47},"end":{"line":98,"column":57}},{"start":{"line":99,"column":10},"end":{"line":99,"column":58}}],"line":98}},"s":{"0":1,"1":19,"2":19,"3":19,"4":19,"5":19,"6":6,"7":0,"8":0,"9":6,"10":6,"11":6,"12":6,"13":5,"14":0,"15":5,"16":10,"17":5,"18":1,"19":1,"20":6,"21":19,"22":18,"23":18,"24":18,"25":19,"26":6,"27":7,"28":1},"f":{"0":19,"1":6,"2":10,"3":18,"4":18,"5":6,"6":7,"7":1},"b":{"0":[16],"1":[0,6],"2":[0,5],"3":[1,0],"4":[19,1],"5":[19,1],"6":[7,0],"7":[19,15,8,7]},"_coverageSchema":"1a1c01bbd47fc00a2c39e90264f33305004495a9","hash":"0d815e943d8cf3214b78fd9a1f3965d0ba12b56d"}
,"/app/frontend/src/components/SpecialCardActions.tsx": {"path":"/app/frontend/src/components/SpecialCardActions.tsx","statementMap":{"0":{"start":{"line":5,"column":62},"end":{"line":126,"column":1}},"1":{"start":{"line":15,"column":27},"end":{"line":18,"column":3}},"2":{"start":{"line":16,"column":4},"end":{"line":16,"column":25}},"3":{"start":{"line":17,"column":4},"end":{"line":17,"column":16}},"4":{"start":{"line":20,"column":29},"end":{"line":23,"column":3}},"5":{"start":{"line":21,"column":4},"end":{"line":21,"column":31}},"6":{"start":{"line":22,"column":4},"end":{"line":22,"column":16}},"7":{"start":{"line":25,"column":30},"end":{"line":28,"column":3}},"8":{"start":{"line":26,"column":4},"end":{"line":26,"column":30}},"9":{"start":{"line":27,"column":4},"end":{"line":27,"column":16}},"10":{"start":{"line":30,"column":30},"end":{"line":46,"column":3}},"11":{"start":{"line":31,"column":4},"end":{"line":45,"column":10}},"12":{"start":{"line":33,"column":8},"end":{"line":43,"column":17}},"13":{"start":{"line":35,"column":25},"end":{"line":35,"column":47}},"14":{"start":{"line":48,"column":32},"end":{"line":61,"column":3}},"15":{"start":{"line":49,"column":4},"end":{"line":60,"column":10}},"16":{"start":{"line":51,"column":8},"end":{"line":58,"column":17}},"17":{"start":{"line":53,"column":25},"end":{"line":53,"column":54}},"18":{"start":{"line":63,"column":30},"end":{"line":88,"column":3}},"19":{"start":{"line":64,"column":4},"end":{"line":87,"column":10}},"20":{"start":{"line":73,"column":25},"end":{"line":73,"column":54}},"21":{"start":{"line":80,"column":25},"end":{"line":80,"column":55}},"22":{"start":{"line":90,"column":26},"end":{"line":113,"column":3}},"23":{"start":{"line":91,"column":4},"end":{"line":112,"column":5}},"24":{"start":{"line":93,"column":8},"end":{"line":96,"column":10}},"25":{"start":{"line":98,"column":8},"end":{"line":101,"column":10}},"26":{"start":{"line":103,"column":8},"end":{"line":106,"column":10}},"27":{"start":{"line":108,"column":8},"end":{"line":111,"column":10}},"28":{"start":{"line":115,"column":29},"end":{"line":115,"column":46}},"29":{"start":{"line":117,"column":2},"end":{"line":125,"column":4}}},"fnMap":{"0":{"name":"(anonymous_0)","decl":{"start":{"line":5,"column":62},"end":{"line":5,"column":63}},"loc":{"start":{"line":14,"column":6},"end":{"line":126,"column":1}},"line":14},"1":{"name":"(anonymous_1)","decl":{"start":{"line":15,"column":27},"end":{"line":15,"column":28}},"loc":{"start":{"line":15,"column":45},"end":{"line":18,"column":3}},"line":15},"2":{"name":"(anonymous_2)","decl":{"start":{"line":20,"column":29},"end":{"line":20,"column":30}},"loc":{"start":{"line":20,"column":51},"end":{"line":23,"column":3}},"line":20},"3":{"name":"(anonymous_3)","decl":{"start":{"line":25,"column":30},"end":{"line":25,"column":31}},"loc":{"start":{"line":25,"column":64},"end
[...]
_10)","decl":{"start":{"line":174,"column":29},"end":{"line":174,"column":30}},"loc":{"start":{"line":174,"column":57},"end":{"line":219,"column":3}},"line":174},"11":{"name":"(anonymous_11)","decl":{"start":{"line":192,"column":13},"end":{"line":192,"column":14}},"loc":{"start":{"line":192,"column":25},"end":{"line":204,"column":7}},"line":192},"12":{"name":"(anonymous_12)","decl":{"start":{"line":196,"column":26},"end":{"line":196,"column":27}},"loc":{"start":{"line":196,"column":36},"end":{"line":203,"column":9}},"line":196},"13":{"name":"(anonymous_13)","decl":{"start":{"line":221,"column":26},"end":{"line":221,"column":27}},"loc":{"start":{"line":221,"column":38},"end":{"line":261,"column":3}},"line":221},"14":{"name":"(anonymous_14)","decl":{"start":{"line":240,"column":13},"end":{"line":240,"column":14}},"loc":{"start":{"line":240,"column":25},"end":{"line":245,"column":7}},"line":240}},"branchMap":{"0":{"loc":{"start":{"line":42,"column":4},"end":{"line":45,"column":5}},"type":"if","locations":[{"start":{"line":42,"column":4},"end":{"line":45,"column":5}},{"start":{},"end":{}}],"line":42},"1":{"loc":{"start":{"line":66,"column":26},"end":{"line":66,"column":66}},"type":"binary-expr","locations":[{"start":{"line":66,"column":26},"end":{"line":66,"column":49}},{"start":{"line":66,"column":53},"end":{"line":66,"column":66}}],"line":66},"2":{"loc":{"start":{"line":68,"column":6},"end":{"line":98,"column":7}},"type":"if","locations":[{"start":{"line":68,"column":6},"end":{"line":98,"column":7}},{"start":{"line":82,"column":13},"end":{"line":98,"column":7}}],"line":68},"3":{"loc":{"start":{"line":68,"column":10},"end":{"line":68,"column":92}},"type":"binary-expr","locations":[{"start":{"line":68,"column":10},"end":{"line":68,"column":21}},{"start":{"line":68,"column":26},"end":{"line":68,"column":52}},{"start":{"line":68,"column":56},"end":{"line":68,"column":91}}],"line":68},"4":{"loc":{"start":{"line":69,"column":20},"end":{"line":69,"column":76}},"type":"cond-expr","locations":[{"start":{"line":69,"column":49},"end":{"line":69,"column":60}},{"start":{"line":69,"column":63},"end":{"line":69,"column":76}}],"line":69},"5":{"loc":{"start":{"line":71,"column":8},"end":{"line":81,"column":9}},"type":"if","locations":[{"start":{"line":71,"column":8},"end":{"line":81,"column":9}},{"start":{"line":76,"column":15},"end":{"line":81,"column":9}}],"line":71},"6":{"loc":{"start":{"line":71,"column":12},"end":{"line":71,"column":64}},"type":"binary-expr","locations":[{"start":{"line":71,"column":12},"end":{"line":71,"column":38}},{"start":{"line":71,"column":42},"end":{"line":71,"column":64}}],"line":71},"7":{"loc":{"start":{"line":76,"column":15},"end":{"line":81,"column":9}},"type":"if","locations":[{"start":{"line":76,"column":15},"end":{"line":81,"column":9}},{"start":{},"end":{}}],"line":76},"8":{"loc":{"start":{"line":129,"column":4},"end":{"line":133,"column":5}},"type":"if","locations":[{"start":{"line":129,"column":4},"end":{"line":133,"column":5}},{"start":{},"end":{}}],"line":129},"9":{"loc":{"start":{"line":155,"column":16},"end":{"line":155,"column":63}},"type":"binary-expr","locations":[{"start":{"line":155,"column":16},"end":{"line":155,"column":38}},{"start":{"line":155,"column":42},"end":{"line":155,"column":63}}],"line":155},"10":{"loc":{"start":{"line":162,"column":6},"end":{"line":167,"column":7}},"type":"if","locations":[{"start":{"line":162,"column":6},"end":{"line":167,"column":7}},{"start":{},"end":{}}],"line":162},"11":{"loc":{"start":{"line":162,"column":10},"end":{"line":162,"column":53}},"type":"binary-expr","locations":[{"start":{"line":162,"column":10},"end":{"line":162,"column":35}},{"start":{"line":162,"column":39},"end":{"line":162,"column":53}}],"line":162},"12":{"loc":{"start":{"line":164,"column":8},"end":{"line":166,"column":9}},"type":"if","locations":[{"start":{"line":164,"column":8},"end":{"line":166,"column":9}},{"start":{},"end":{}}],"line":164},"13":{"loc":{"start":{"line":164,"column":12},"end":{"line":164,"column":60}},"type":"binary-expr","locations":[{"start":{"line":164,"column":12},"end":{"line":164,"column":31}},{"start":{"line":164,"column":35},"end":{"line":164,"column":60}}],"line":164},"14":{"loc":{"start":{"line":175,"column":4},"end":{"line":178,"column":5}},"type":"if","locations":[{"start":{"line":175,"column":4},"end":{"line":178,"column":5}},{"start":{},"end":{}}],"line":175},"15":{"loc":{"start":{"line":200,"column":22},"end":{"line":200,"column":56}},"type":"binary-expr","locations":[{"start":{"line":200,"column":22},"end":{"line":200,"column":44}},{"start":{"line":200,"column":48},"end":{"line":200,"column":56}}],"line":200},"16":{"loc":{"start":{"line":201,"column":20},"end":{"line":201,"column":53}},"type":"binary-expr","locations":[{"start":{"line":201,"column":20},"end":{"line":201,"column":40}},{"start":{"line":201,"column":44},"end":{"line":201,"column":53}}],"line":201},"17":{"loc":{"start":{"line":210,"column":6},"end":{"line":215,"column":7}},"type":"if","locations":[{"start":{"line":210,"column":6},"end":{"line":215,"column":7}},{"start":{},"end":{}}],"line":210},"18":{"loc":{"start":{"line":210,"column":10},"end":{"line":210,"column":53}},"type":"binary-expr","locations":[{"start":{"line":210,"column":10},"end":{"line":210,"column":35}},{"start":{"line":210,"column":39},"end":{"line":210,"column":53}}],"line":210},"19":{"loc":{"start":{"line":212,"column":8},"end":{"line":214,"column":9}},"type":"if","locations":[{"start":{"line":212,"column":8},"end":{"line":214,"column":9}},{"start":{},"end":{}}],"line":212},"20":{"loc":{"start":{"line":212,"column":12},"end":{"line":212,"column":60}},"type":"binary-expr","locations":[{"start":{"line":212,"column":12},"end":{"line":212,"column":31}},{"start":{"line":212,"column":35},"end":{"line":212,"column":60}}],"line":212},"21":{"loc":{"start":{"line":222,"column":4},"end":{"line":225,"column":5}},"type":"if","locations":[{"start":{"line":222,"column":4},"end":{"line":225,"column":5}},{"start":{},"end":{}}],"line":222},"22":{"loc":{"start":{"line":251,"column":6},"end":{"line":256,"column":7}},"type":"if","locations":[{"start":{"line":251,"column":6},"end":{"line":256,"column":7}},{"start":{},"end":{}}],"line":251},"23":{"loc":{"start":{"line":251,"column":10},"end":{"line":251,"column":53}},"type":"binary-expr","locations":[{"start":{"line":251,"column":10},"end":{"line":251,"column":35}},{"start":{"line":251,"column":39},"end":{"line":251,"column":53}}],"line":251},"24":{"loc":{"start":{"line":253,"column":8},"end":{"line":255,"column":9}},"type":"if","locations":[{"start":{"line":253,"column":8},"end":{"line":255,"column":9}},{"start":{},"end":{}}],"line":253},"25":{"loc":{"start":{"line":253,"column":12},"end":{"line":253,"column":60}},"type":"binary-expr","locations":[{"start":{"line":253,"column":12},"end":{"line":253,"column":31}},{"start":{"line":253,"column":35},"end":{"line":253,"column":60}}],"line":253},"26":{"loc":{"start":{"line":273,"column":11},"end":{"line":281,"column":11}},"type":"binary-expr","locations":[{"start":{"line":273,"column":11},"end":{"line":273,"column":16}},{"start":{"line":274,"column":12},"end":{"line":280,"column":18}}],"line":273},"27":{"loc":{"start":{"line":294,"column":15},"end":{"line":303,"column":15}},"type":"binary-expr","locations":[{"start":{"line":294,"column":15},"end":{"line":294,"column":22}},{"start":{"line":295,"column":16},"end":{"line":302,"column":25}}],"line":294},"28":{"loc":{"start":{"line":297,"column":28},"end":{"line":297,"column":79}},"type":"binary-expr","locations":[{"start":{"line":297,"column":28},"end":{"line":297,"column":35}},{"start":{"line":297,"column":39},"end":{"line":297,"column":54}},{"start":{"line":297,"column":58},"end":{"line":297,"column":79}}],"line":297},"29":{"loc":{"start":{"line":301,"column":19},"end":{"line":301,"column":101}},"type":"cond-expr","locations":[{"start":{"line":301,"column":29},"end":{"line":301,"column":42}},{"start":{"line":301,"column":45},"end":{"line":301,"column":101}}],"line":301},"30":{"loc":{"start":{"line":301,"column":45},"end":{"line":301,"column":101}},"type":"cond-expr","locations":[{"start":{"line":301,"column":63},"end":{"line":301,"column":85}},{"start":{"line":301,"column":88},"end":{"line":301,"column":101}}],"line":301},"31":{"loc":{"start":{"line":307,"column":13},"end":{"line":313,"column":13}},"type":"binary-expr","locations":[{"start":{"line":307,"column":13},"end":{"line":307,"column":19}},{"start":{"line":308,"column":14},"end":{"line":312,"column":20}}],"line":307},"32":{"loc":{"start":{"line":316,"column":13},"end":{"line":325,"column":13}},"type":"binary-expr","locations":[{"start":{"line":316,"column":13},"end":{"line":316,"column":19}},{"start":{"line":317,"column":14},"end":{"line":324,"column":24}}],"line":316},"33":{"loc":{"start":{"line":328,"column":13},"end":{"line":336,"column":13}},"type":"binary-expr","locations":[{"start":{"line":328,"column":13},"end":{"line":328,"column":31}},{"start":{"line":328,"column":35},"end":{"line":328,"column":41}},{"start":{"line":329,"column":14},"end":{"line":335,"column":24}}],"line":328},"34":{"loc":{"start":{"line":339,"column":13},"end":{"line":350,"column":13}},"type":"binary-expr","locations":[{"start":{"line":339,"column":13},"end":{"line":339,"column":19}},{"start":{"line":340,"column":14},"end":{"line":349,"column":24}}],"line":339},"35":{"loc":{"start":{"line":347,"column":19},"end":{"line":347,"column":57}},"type":"cond-expr","locations":[{"start":{"line":347,"column":29},"end":{"line":347,"column":42}},{"start":{"line":347,"column":45},"end":{"line":347,"column":57}}],"line":347}},"s":{"0":1,"1":34,"2":34,"3":33,"4":33,"5":33,"6":33,"7":33,"8":33,"9":33,"10":26,"11":1,"12":1,"13":25,"14":33,"15":25,"16":25,"17":25,"18":25,"19":25,"20":25,"21":25,"22":25,"23":25,"24":25,"25":13,"26":0,"27":0,"28":0,"29":0,"30":0,"31":0,"32":0,"33":0,"34":0,"35":0,"36":0,"37":0,"38":0,"39":0,"40":25,"41":33,"42":0,"43":0,"44":33,"45":0,"46":0,"47":0,"48":0,"49":0,"50":0,"51":0,"52":0,"53":0,"54":0,"55":0,"56":0,"57":0,"58":0,"59":0,"60":0,"61":0,"62":0,"63":0,"64":33,"65":0,"66":0,"67":0,"68":0,"69":0,"70":0,"71":0,"72":0,"73":0,"74":0,"75":0,"76":0,"77":0,"78":0,"79":0,"80":33,"81":0,"82":0,"83":0,"84":0,"85":0,"86":0,"87":0,"88":0,"89":0,"90":0,"91":0,"92":0,"93":0,"94":0,"95":0,"96":0,"97":0,"98":33},"f":{"0":34,"1":26,"2":25,"3":13,"4":0,"5":0,"6":0,"7":0,"8":0,"9":0,"10":0,"11":0,"12":0,"13":0,"14":0},"b":{"0":[1,25],"1":[25,0],"2":[25,0],"3":[25,25,0],"4":[25,0],"5":[25,0],"6":[25,25],"7":[0,0],"8":[0,0],"9":[0,0],"10":[0,0],"11":[0,0],"12":[0,0],"13":[0,0],"14":[0,0],"15":[0,0],"16":[0,0],"17":[0,0],"18":[0,0],"19":[0,0],"20":[0,0],"21":[0,0],"22":[0,0],"23":[0,0],"24":[0,0],"25":[0,0],"26":[33,0],"27":[33,33],"28":[33,33,8],"29":[0,33],"30":[25,8],"31":[33,0],"32":[33,0],"33":[33,0,0],"34":[33,0],"35":[0,0]},"_coverageSchema":"1a1c01bbd47fc00a2c39e90264f33305004495a9","hash":"f859c9a44432d05d5107215ded3565284262b0f2"}
,"/app/frontend/src/services/api.ts": {"path":"/app/frontend/src/services/api.ts","statementMap":{"0":{"start":{"line":3,"column":21},"end":{"line":3,"column":83}},"1":{"start":{"line":50,"column":4},"end":{"line":75,"column":5}},"2":{"start":{"line":51,"column":20},"end":{"line":51,"column":53}},"3":{"start":{"line":52,"column":22},"end":{"line":56,"column":7}},"4":{"start":{"line":58,"column":23},"end":{"line":61,"column":8}},"5":{"start":{"line":63,"column":6},"end":{"line":66,"column":7}},"6":{"start":{"line":64,"column":26},"end":{"line":64,"column":47}},"7":{"start":{"line":65,"column":8},"end":{"line":65,"column":67}},"8":{"start":{"line":68,"column":19},"end":{"line":68,"column":40}},"9":{"start":{"line":69,"column":6},"end":{"line":69,"column":22}},"10":{"start":{"line":71,"column":6},"end":{"line":74,"column":8}},"11":{"start":{"line":80,"column":4},"end":{"line":83,"column":7}},"12":{"start":{"line":87,"column":4},"end":{"line":89,"column":7}},"13":{"start":{"line":93,"column":4},"end":{"line":95,"column":7}},"14":{"start":{"line":105,"column":4},"end":{"line":112,"column":7}},"15":{"start":{"line":116,"column":4},"end":{"line":118,"column":7}},"16":{"start":{"line":122,"column":4},"end":{"line":124,"column":7}},"17":{"start":{"line":128,"column":4},"end":{"line":128,"column":70}},"18":{"start":{"line":133,"column":4},"end":{"line":133,"column":100}},"19":{"start":{"line":138,"column":4},"end":{"line":138,"column":40}}},"fnMap":{"0":{"name":"(anonymous_0)","decl":{"start":{"line":46,"column":2},"end":{"line":46,"column":3}},"loc":{"start":{"line":49,"column":29},"end":{"line":76,"column":3}},"line":49},"1":{"name":"(anonymous_1)","decl":{"start":{"line":79,"column":2},"end":{"line":79,"column":3}},"loc":{"start":{"line":79,"column":82},"end":{"line":84,"column":3}},"line":79},"2":{"name":"(anonymous_2)","decl":{"start":{"line":86,"column":2},"end":{"line":86,"column":3}},"loc":{"start":{"line":86,"column":76},"end":{"line":90,"column":3}},"line":86},"3":{"name":"(anonymous_3)","decl":{"start":{"line":92,"column":2},"end":{"line":92,"column":3}},"loc":{"start":{"line":92,"column":77},"end":{"line":96,"column":3}},"line":92},"4":{"name":"(anonymous_4)","decl":{"start":{"line":99,"column":2},"end":{"line":99,"column":3}},"loc":{"start":{"line":104,"column":44},"end":{"line":113,"column":3}},"line":104},"5":{"name":"(anonymous_5)","decl":{"start":{"line":115,"column":2},"end":{"line":115,"column":3}},"loc":{"start":{"line":115,"column":78},"end":{"line":119,"column":3}},"line":115},"6":{"name":"(anonymous_6)","decl":{"start":{"line":121,"column":2},"end":{"line":121,"column":3}},"loc":{"start":{"line":121,"column":91},"end":{"line":125,"column":3}},"line":121},"7":{"name":"(anonymous_7)","decl":{"start":{"line":127,"column":2},"end":{"line":127,"column":3}},"loc":{"start":{"line":127,"column":85},"end":{"line":129,"column":3}},"line":127},"8":{"name":"(anonymous_8)","decl":{"start":{"line":132,"column":2},"end":{"line":132,"column":3}},"loc":{"start":{"line":132,"column":91},"end":{"line":134,"column":3}},"line":132},"9":{"name":"(anonymous_9)","decl":{"start":{"line":137,"column":2},"end":{"line":137,"column":3}},"loc":{"start":{"line":137,"column":91},"end":{"line":139,"column":3}},"line":137}},"branchMap":{"0":{"loc":{"start":{"line":3,"column":21},"end":{"line":3,"column":83}},"type":"binary-expr","locations":[{"start":{"line":3,"column":21},"end":{"line":3,"column":52}},{"start":{"line":3,"column":56},"end":{"line":3,"column":83}}],"line":3},"1":{"loc":{"start":{"line":48,"column":4},"end":{"line":48,"column":29}},"type":"default-arg","locations":[{"start":{"line":48,"column":27},"end":{"line":48,"column":29}}],"line":48},"2":{"loc":{"start":{"line":54,"column":12},"end":{"line":54,"column":57}},"type":"binary-expr","locations":[{"start":{"line":54,"column":12},"end":{"line":54,"column":17}},{"start":{"line":54,"column":21},"end":{"line":54,"column":57}}],"line":54},"3":{"loc":{"start":{"line":63,"column":6},"end":{"line":66,"column":7}},"type":"if","locations":[{"start":{"line":63,"column":6},"end":{"line":66,"column":7}},{"start":{},"end":{}}],"line":63},"4":{"loc":{"start":{"line":65,"column":24},"end":{"line":65,"column":65}},"type":"binary-expr","locations":[{"start":{"line":65,"column":24},"end":{"line":65,"column":41}},{"start":{"line":65,"column":45},"end":{"line":65,"column":65}}],"line":65},"5":{"loc":{"start":{"line":73,"column":15},"end":{"line":73,"column":80}},"type":"cond-expr","locations":[{"start":{"line":73,"column":40},"end":{"line":73,"column":53}},{"start":{"line":73,"column":56},"end":{"line":73,"column":80}}],"line":73}},"s":{"0":2,"1":7,"2":7,"3":7,"4":7,"5":7,"6":1,"7":1,"8":6,"9":6,"10":1,"11":1,"12":1,"13":0,"14":1,"15":1,"16":1,"17":2,"18":0,"19":2},"f":{"0":7,"1":1,"2":1,"3":0,"4":1,"5":1,"6":1,"7":2,"8":0,"9":2},"b":{"0":[2,0],"1":[2],"2":[7,7],"3":[1,6],"4":[1,0],"5":[1,0]},"_coverageSchema":"1a1c01bbd47fc00a2c39e90264f33305004495a9","hash":"0b8e1c5719bd67367d60d9a266a36b5acc4b3099"}
,"/app/frontend/src/types/game.ts": {"path":"/app/frontend/src/types/game.ts","statementMap":{},"fnMap":{},"branchMap":{},"s":{},"f":{},"b":{}}
,"/app/frontend/src/utils/auth.ts": {"path":"/app/frontend/src/utils/auth.ts","statementMap":{"0":{"start":{"line":6,"column":27},"end":{"line":9,"column":1}},"1":{"start":{"line":7,"column":2},"end":{"line":7,"column":51}},"2":{"start":{"line":8,"column":2},"end":{"line":8,"column":53}},"3":{"start":{"line":14,"column":30},"end":{"line":16,"column":1}},"4":{"start":{"line":15,"column":2},"end":{"line":15,"column":45}},"5":{"start":{"line":21,"column":31},"end":{"line":23,"column":1}},"6":{"start":{"line":22,"column":2},"end":{"line":22,"column":46}},"7":{"start":{"line":28,"column":27},"end":{"line":31,"column":1}},"8":{"start":{"line":29,"column":2},"end":{"line":29,"column":41}},"9":{"start":{"line":30,"column":2},"end":{"line":30,"column":42}},"10":{"start":{"line":36,"column":31},"end":{"line":38,"column":1}},"11":{"start":{"line":37,"column":2},"end":{"line":37,"column":28}},"12":{"start":{"line":43,"column":29},"end":{"line":49,"column":1}},"13":{"start":{"line":44,"column":2},"end":{"line":48,"column":3}},"14":{"start":{"line":46,"column":18},"end":{"line":46,"column":42}},"15":{"start":{"line":47,"column":4},"end":{"line":47,"column":71}},"16":{"start":{"line":54,"column":31},"end":{"line":60,"column":1}},"17":{"start":{"line":55,"column":2},"end":{"line":59,"column":3}},"18":{"start":{"line":57,"column":18},"end":{"line":57,"column":42}},"19":{"start":{"line":58,"column":4},"end":{"line":58,"column":58}},"20":{"start":{"line":65,"column":22},"end":{"line":68,"column":1}},"21":{"start":{"line":66,"column":2},"end":{"line":66,"column":16}},"22":{"start":{"line":67,"column":2},"end":{"line":67,"column":20}}},"fnMap":{"0":{"name":"(anonymous_0)","decl":{"start":{"line":6,"column":27},"end":{"line":6,"column":28}},"loc":{"start":{"line":6,"column":80},"end":{"line":9,"column":1}},"line":6},"1":{"name":"(anonymous_1)","decl":{"start":{"line":14,"column":30},"end":{"line":14,"column":31}},"loc":{"start":{"line":14,"column":51},"end":{"line":16,"column":1}},"line":14},"2":{"name":"(anonymous_2)","decl":{"start":{"line":21,"column":31},"end":{"line":21,"column":32}},"loc":{"start":{"line":21,"column":52},"end":{"line":23,"column":1}},"line":21},"3":{"name":"(anonymous_3)","decl":{"start":{"line":28,"column":27},"end":{"line":28,"column":28}},"loc":{"start":{"line":28,"column":39},"end":{"line":31,"column":1}},"line":28},"4":{"name":"(anonymous_4)","decl":{"start":{"line":36,"column":31},"end":{"line":36,"column":32}},"loc":{"start":{"line":36,"column":46},"end":{"line":38,"column":1}},"line":36},"5":{"name":"(anonymous_5)","decl":{"start":{"line":43,"column":29},"end":{"line":43,"column":30}},"loc":{"start":{"line":43,"column":54},"end":{"line":49,"column":1}},"line":43},"6":{"name":"(anonymous_6)","decl":{"start":{"line":54,"column":31},"end":{"line":54,"column":32}},"loc":{"start":{"line":54,"column":43},"end":{"line":60,"column":1}},"line":54},"7":{"name":"(anonymous_7)","decl":{"start":{"line":65,"column":22},"end":{"line":65,"column":23}},"loc":{"start":{"line":65,"column":34},"end":{"line":68,"column":1}},"line":65}},"branchMap":{"0":{"loc":{"start":{"line":44,"column":2},"end":{"line":48,"column":3}},"type":"if","locations":[{"start":{"line":44,"column":2},"end":{"line":48,"column":3}},{"start":{},"end":{}}],"line":44},"1":{"loc":{"start":{"line":55,"column":2},"end":{"line":59,"column":3}},"type":"if","locations":[{"start":{"line":55,"column":2},"end":{"line":59,"column":3}},{"start":{},"end":{}}],"line":55}},"s":{"0":1,"1":1,"2":1,"3":1,"4":4,"5":1,"6":2,"7":1,"8":2,"9":2,"10":1,"11":2,"12":1,"13":1,"14":1,"15":1,"16":1,"17":2,"18":2,"19":2,"20":1,"21":1,"22":1},"f":{"0":1,"1":4,"2":2,"3":2,"4":2,"5":1,"6":2,"7":1},"b":{"0":[1,0],"1":[2,0]},"_coverageSchema":"1a1c01bbd47fc00a2c39e90264f33305004495a9","hash":"f89eede41d414877168355967ac88fb94eb32f6e"}
}
