TN:
SF:src/components/AIPlayerConfig.tsx
FN:15,(anonymous_0)
FN:20,(anonymous_1)
FN:74,(anonymous_2)
FN:77,(anonymous_3)
FN:80,(anonymous_4)
FN:84,(anonymous_5)
FN:122,(anonymous_6)
FN:128,(anonymous_7)
FN:139,(anonymous_8)
FNF:9
FNH:9
FNDA:22,(anonymous_0)
FNDA:6,(anonymous_1)
FNDA:1,(anonymous_2)
FNDA:1,(anonymous_3)
FNDA:1,(anonymous_4)
FNDA:1,(anonymous_5)
FNDA:6,(anonymous_6)
FNDA:1,(anonymous_7)
FNDA:1,(anonymous_8)
DA:15,1
DA:16,22
DA:17,22
DA:18,22
DA:20,22
DA:21,6
DA:22,0
DA:25,6
DA:26,6
DA:28,6
DA:29,6
DA:30,6
DA:32,6
DA:45,5
DA:48,5
DA:56,5
DA:58,1
DA:61,1
DA:62,1
DA:64,1
DA:65,1
DA:69,1
DA:70,1
DA:74,22
DA:77,1
DA:80,22
DA:83,1
DA:84,1
DA:88,22
DA:123,6
DA:128,1
DA:139,1
LF:32
LH:31
BRDA:21,0,0,0
BRDA:21,0,1,6
BRDA:52,1,0,5
BRDA:52,1,1,0
BRDA:62,2,0,1
BRDA:62,2,1,0
BRDA:62,3,0,1
BRDA:62,3,1,1
BRDA:64,4,0,1
BRDA:64,4,1,0
BRDA:64,5,0,1
BRDA:64,5,1,1
BRDA:84,6,0,1
BRDA:84,6,1,0
BRDA:90,7,0,22
BRDA:90,7,1,1
BRDA:96,8,0,1
BRDA:96,8,1,21
BRDA:110,9,0,21
BRDA:110,9,1,15
BRDA:114,10,0,6
BRDA:114,10,1,15
BRDA:118,11,0,21
BRDA:118,11,1,6
BRDA:151,12,0,21
BRDA:151,12,1,6
BRF:26
BRH:21
end_of_record
TN:
SF:src/components/AuthLayout.tsx
FN:14,(anonymous_0)
FNF:1
FNH:1
FNDA:7,(anonymous_0)
DA:14,2
DA:21,7
LF:2
LH:2
BRDA:17,0,0,4
BRDA:18,1,0,4
BRDA:19,2,0,4
BRDA:42,3,0,7
BRDA:42,3,1,5
BRDA:47,4,0,7
BRDA:47,4,1,5
BRDA:63,5,0,7
BRDA:63,5,1,6
BRF:9
BRH:9
end_of_record
TN:
SF:src/components/Card.tsx
FN:4,(anonymous_0)
FN:5,(anonymous_1)
FN:12,(anonymous_2)
FN:16,(anonymous_3)
FNF:4
FNH:3
FNDA:73,(anonymous_0)
FNDA:4,(anonymous_1)
FNDA:0,(anonymous_2)
FNDA:73,(anonymous_3)
DA:4,3
DA:5,73
DA:6,4
DA:7,4
DA:8,3
DA:12,73
DA:13,0
DA:16,73
DA:17,73
DA:23,73
DA:26,73
DA:27,73
DA:29,73
LF:13
LH:12
BRDA:7,0,0,3
BRDA:7,0,1,1
BRDA:13,1,0,0
BRDA:13,1,1,0
BRDA:23,2,0,73
BRDA:23,2,1,0
BRDA:34,3,0,31
BRDA:34,3,1,42
BRDA:35,4,0,31
BRDA:35,4,1,42
BRDA:44,5,0,50
BRDA:44,5,1,23
BRDA:52,6,0,50
BRDA:52,6,1,23
BRDA:59,7,0,50
BRDA:59,7,1,23
BRF:16
BRH:13
end_of_record
TN:
SF:src/components/GameActions.tsx
FN:4,(anonymous_0)
FN:14,(anonymous_1)
FNF:2
FNH:1
FNDA:23,(anonymous_0)
FNDA:0,(anonymous_1)
DA:4,2
DA:14,23
DA:21,0
DA:26,0
DA:47,0
DA:60,23
DA:62,23
LF:7
LH:4
BRDA:19,0,0,0
BRDA:60,1,0,23
BRDA:60,1,1,21
BRDA:60,1,2,3
BRDA:73,2,0,20
BRDA:73,2,1,3
BRDA:73,3,0,23
BRDA:73,3,1,21
BRDA:79,4,0,23
BRDA:79,4,1,21
BRDA:89,5,0,20
BRDA:89,5,1,3
BRDA:89,6,0,23
BRDA:89,6,1,21
BRDA:95,7,0,23
BRDA:95,7,1,21
BRDA:105,8,0,3
BRDA:105,8,1,20
BRDA:119,9,0,21
BRDA:119,9,1,2
BRDA:120,10,0,21
BRDA:120,10,1,2
BRF:22
BRH:21
end_of_record
TN:
SF:src/components/GameBoard.tsx
FN:28,(anonymous_0)
FN:43,(anonymous_1)
FN:44,(anonymous_2)
FN:72,(anonymous_3)
FN:98,(anonymous_4)
FN:150,(anonymous_5)
FNF:6
FNH:5
FNDA:13,(anonymous_0)
FNDA:13,(anonymous_1)
FNDA:26,(anonymous_2)
FNDA:1,(anonymous_3)
FNDA:39,(anonymous_4)
FNDA:0,(anonymous_5)
DA:7,1
DA:28,1
DA:41,13
DA:42,13
DA:43,13
DA:44,26
DA:46,13
DA:72,1
DA:99,39
LF:9
LH:9
BRDA:57,0,0,13
BRDA:57,0,1,0
BRDA:58,1,0,13
BRDA:58,1,1,13
BRDA:65,2,0,13
BRDA:65,2,1,1
BRDA:65,2,2,1
BRDA:84,3,0,13
BRDA:84,3,1,13
BRDA:102,4,0,13
BRDA:102,4,1,26
BRDA:107,5,0,39
BRDA:107,5,1,13
BRDA:110,6,0,39
BRDA:110,6,1,26
BRDA:111,7,0,39
BRDA:111,7,1,1
BRDA:114,8,0,39
BRDA:114,8,1,1
BRDA:127,9,0,13
BRDA:127,9,1,0
BRDA:143,10,0,13
BRDA:143,10,1,0
BRDA:144,11,0,13
BRDA:144,11,1,13
BRF:25
BRH:22
end_of_record
TN:
SF:src/components/GameSetupForm.tsx
FN:25,(anonymous_0)
FN:31,(anonymous_1)
FN:65,(anonymous_2)
FN:74,(anonymous_3)
FN:132,(anonymous_4)
FNF:5
FNH:5
FNDA:11,(anonymous_0)
FNDA:4,(anonymous_1)
FNDA:27,(anonymous_2)
FNDA:9,(anonymous_3)
FNDA:4,(anonymous_4)
DA:25,1
DA:31,11
DA:32,4
DA:34,4
DA:35,1
DA:36,1
DA:37,3
DA:38,0
DA:40,3
DA:44,11
DA:66,27
DA:74,9
DA:133,4
DA:135,4
DA:136,2
DA:137,2
DA:138,1
DA:139,1
DA:140,1
LF:19
LH:18
BRDA:34,0,0,1
BRDA:34,0,1,3
BRDA:37,1,0,0
BRDA:37,1,1,3
BRDA:50,2,0,1
BRDA:50,2,1,10
BRDA:62,3,0,1
BRDA:62,3,1,9
BRDA:72,4,0,10
BRDA:72,4,1,9
BRDA:72,4,2,9
BRDA:74,5,0,9
BRDA:74,5,1,0
BRDA:135,6,0,2
BRDA:135,6,1,2
BRDA:135,7,0,4
BRDA:135,7,1,3
BRDA:135,7,2,2
BRDA:137,8,0,1
BRDA:137,8,1,1
BRDA:137,9,0,2
BRDA:137,9,1,1
BRDA:139,10,0,1
BRDA:139,10,1,0
BRDA:167,11,0,11
BRDA:167,11,1,1
BRF:26
BRH:23
end_of_record
TN:
SF:src/components/LoginForm.tsx
FN:6,(anonymous_0)
FN:15,(anonymous_1)
FN:23,(anonymous_2)
FN:63,(anonymous_3)
FNF:4
FNH:4
FNDA:59,(anonymous_0)
FNDA:24,(anonymous_1)
FNDA:11,(anonymous_2)
FNDA:7,(anonymous_3)
DA:6,2
DA:7,59
DA:8,59
DA:12,59
DA:13,59
DA:15,59
DA:16,24
DA:17,24
DA:23,59
DA:24,11
DA:25,11
DA:26,11
DA:28,11
DA:29,11
DA:37,3
DA:38,3
DA:39,3
DA:40,3
DA:44,3
DA:46,8
DA:47,6
DA:48,6
DA:51,6
DA:52,2
DA:53,4
DA:54,1
DA:57,3
DA:59,1
DA:63,6
DA:65,7
DA:66,4
DA:71,6
DA:72,0
DA:75,6
DA:77,2
DA:79,8
DA:83,59
LF:37
LH:36
BRDA:37,0,0,3
BRDA:37,0,1,0
BRDA:46,1,0,6
BRDA:46,1,1,2
BRDA:46,2,0,8
BRDA:46,2,1,6
BRDA:51,3,0,2
BRDA:51,3,1,4
BRDA:53,4,0,1
BRDA:53,4,1,3
BRDA:54,5,0,1
BRDA:54,5,1,0
BRDA:57,6,0,1
BRDA:57,6,1,2
BRDA:65,7,0,4
BRDA:65,7,1,3
BRDA:65,8,0,7
BRDA:65,8,1,5
BRDA:66,9,0,2
BRDA:66,9,1,2
BRDA:71,10,0,0
BRDA:71,10,1,6
BRDA:88,11,0,59
BRDA:88,11,1,6
BRDA:109,12,0,59
BRDA:109,12,1,2
BRDA:126,13,0,59
BRDA:126,13,1,2
BRDA:156,14,0,11
BRDA:156,14,1,48
BRF:30
BRH:27
end_of_record
TN:
SF:src/components/Modal.tsx
FN:4,(anonymous_0)
FN:5,(anonymous_1)
FN:6,(anonymous_2)
FN:13,(anonymous_3)
FN:30,(anonymous_4)
FNF:5
FNH:5
FNDA:34,(anonymous_0)
FNDA:34,(anonymous_1)
FNDA:4,(anonymous_2)
FNDA:34,(anonymous_3)
FNDA:6,(anonymous_4)
DA:4,3
DA:5,34
DA:6,34
DA:7,4
DA:8,2
DA:12,34
DA:13,34
DA:16,34
DA:18,18
DA:30,6
LF:10
LH:10
BRDA:7,0,0,2
BRDA:7,0,1,2
BRDA:7,1,0,4
BRDA:7,1,1,3
BRDA:16,2,0,16
BRDA:16,2,1,18
BRF:6
BRH:6
end_of_record
TN:
SF:src/components/PlayerHand.tsx
FN:5,(anonymous_0)
FN:15,(anonymous_1)
FN:21,(anonymous_2)
FN:24,(anonymous_3)
FN:31,(anonymous_4)
FN:32,(anonymous_5)
FN:41,(anonymous_6)
FN:49,(anonymous_7)
FN:58,(anonymous_8)
FN:62,(anonymous_9)
FN:63,(anonymous_10)
FN:72,(anonymous_11)
FN:90,(anonymous_12)
FNF:13
FNH:9
FNDA:22,(anonymous_0)
FNDA:116,(anonymous_1)
FNDA:22,(anonymous_2)
FNDA:55,(anonymous_3)
FNDA:55,(anonymous_4)
FNDA:0,(anonymous_5)
FNDA:4,(anonymous_6)
FNDA:0,(anonymous_7)
FNDA:0,(anonymous_8)
FNDA:56,(anonymous_9)
FNDA:58,(anonymous_10)
FNDA:0,(anonymous_11)
FNDA:55,(anonymous_12)
DA:5,2
DA:13,22
DA:15,22
DA:16,116
DA:17,110
DA:18,110
DA:21,22
DA:22,22
DA:23,21
DA:24,21
DA:25,55
DA:26,55
DA:28,55
DA:31,21
DA:32,55
DA:33,0
DA:34,0
DA:37,21
DA:40,1
DA:42,4
DA:43,4
DA:49,22
DA:50,0
DA:51,0
DA:52,0
DA:54,0
DA:55,0
DA:58,22
DA:59,0
DA:62,22
DA:63,56
DA:64,58
DA:72,0
DA:84,22
DA:91,55
LF:35
LH:26
BRDA:11,0,0,13
BRDA:16,1,0,6
BRDA:16,1,1,110
BRDA:17,2,0,0
BRDA:17,2,1,110
BRDA:17,3,0,110
BRDA:17,3,1,0
BRDA:18,4,0,110
BRDA:18,4,1,72
BRDA:22,5,0,21
BRDA:22,5,1,1
BRDA:25,6,0,55
BRDA:25,6,1,0
BRDA:50,7,0,0
BRDA:50,7,1,0
BRDA:68,8,0,2
BRDA:68,8,1,56
BRDA:69,9,0,0
BRDA:69,9,1,58
BRDA:89,10,0,21
BRDA:89,10,1,1
BRF:21
BRH:15
end_of_record
TN:
SF:src/components/PlayerInviteSection.tsx
FN:17,(anonymous_0)
FN:30,(anonymous_1)
FN:52,(anonymous_2)
FN:52,(anonymous_3)
FN:56,(anonymous_4)
FN:71,(anonymous_5)
FN:72,(anonymous_6)
FN:78,(anonymous_7)
FN:100,(anonymous_8)
FN:121,(anonymous_9)
FN:125,(anonymous_10)
FN:143,(anonymous_11)
FNF:12
FNH:12
FNDA:32,(anonymous_0)
FNDA:8,(anonymous_1)
FNDA:8,(anonymous_2)
FNDA:22,(anonymous_3)
FNDA:7,(anonymous_4)
FNDA:17,(anonymous_5)
FNDA:7,(anonymous_6)
FNDA:17,(anonymous_7)
FNDA:8,(anonymous_8)
FNDA:7,(anonymous_9)
FNDA:1,(anonymous_10)
FNDA:96,(anonymous_11)
DA:17,1
DA:22,32
DA:23,32
DA:24,32
DA:25,32
DA:28,32
DA:30,32
DA:31,8
DA:32,0
DA:33,0
DA:36,8
DA:37,8
DA:39,8
DA:40,8
DA:41,8
DA:51,6
DA:52,22
DA:56,7
DA:61,6
DA:62,6
DA:64,2
DA:65,2
DA:66,2
DA:71,32
DA:72,17
DA:73,7
DA:74,7
DA:78,17
DA:81,32
DA:100,8
DA:122,7
DA:125,1
DA:144,96
LF:33
LH:31
BRDA:31,0,0,0
BRDA:31,0,1,8
BRDA:58,1,0,7
BRDA:58,1,1,0
BRDA:73,2,0,7
BRDA:73,2,1,0
BRDA:83,3,0,1
BRDA:83,3,1,31
BRDA:107,4,0,31
BRDA:107,4,1,23
BRDA:111,5,0,8
BRDA:111,5,1,23
BRDA:114,6,0,31
BRDA:114,6,1,3
BRDA:117,7,0,31
BRDA:117,7,1,5
BRDA:139,8,0,32
BRDA:139,8,1,32
BRDA:148,9,0,32
BRDA:148,9,1,64
BRDA:150,10,0,32
BRDA:150,10,1,32
BRF:22
BRH:19
end_of_record
TN:
SF:src/components/PlayerList.tsx
FN:11,(anonymous_0)
FN:21,(anonymous_1)
FN:53,(anonymous_2)
FNF:3
FNH:3
FNDA:18,(anonymous_0)
FNDA:45,(anonymous_1)
FNDA:2,(anonymous_2)
DA:11,2
DA:17,18
DA:22,45
DA:53,2
LF:4
LH:4
BRDA:15,0,0,0
BRDA:24,1,0,17
BRDA:24,1,1,28
BRDA:28,2,0,45
BRDA:28,2,1,9
BRDA:38,3,0,45
BRDA:38,3,1,18
BRDA:46,4,0,45
BRDA:46,4,1,17
BRDA:51,5,0,45
BRDA:51,5,1,27
BRDA:51,5,2,27
BRDA:51,5,3,15
BRF:13
BRH:12
end_of_record
TN:
SF:src/components/PlayerManagement.tsx
FN:6,(anonymous_0)
FN:14,(anonymous_1)
FN:21,(anonymous_2)
FN:22,(anonymous_3)
FNF:4
FNH:4
FNDA:9,(anonymous_0)
FNDA:9,(anonymous_1)
FNDA:1,(anonymous_2)
FNDA:18,(anonymous_3)
DA:6,1
DA:14,9
DA:16,9
DA:21,1
DA:22,18
LF:5
LH:5
BRDA:38,0,0,8
BRDA:38,0,1,1
BRDA:41,1,0,8
BRDA:41,1,1,1
BRF:4
BRH:4
end_of_record
TN:
SF:src/components/PlayerRegistration.tsx
FN:25,(anonymous_0)
FN:42,(anonymous_1)
FN:50,(anonymous_2)
FN:84,(anonymous_3)
FN:119,(anonymous_4)
FN:136,(anonymous_5)
FNF:6
FNH:6
FNDA:110,(anonymous_0)
FNDA:71,(anonymous_1)
FNDA:12,(anonymous_2)
FNDA:3,(anonymous_3)
FNDA:11,(anonymous_4)
FNDA:13,(anonymous_5)
DA:25,2
DA:26,110
DA:27,110
DA:38,110
DA:39,110
DA:40,110
DA:42,110
DA:43,71
DA:44,71
DA:50,110
DA:51,12
DA:52,12
DA:53,12
DA:54,12
DA:56,12
DA:57,12
DA:70,4
DA:72,4
DA:84,4
DA:85,3
DA:89,8
DA:90,6
DA:93,6
DA:96,6
DA:97,1
DA:100,6
DA:101,1
DA:107,6
DA:119,6
DA:121,11
DA:122,9
DA:123,9
DA:127,6
DA:129,2
DA:131,8
DA:136,110
DA:137,13
DA:138,13
DA:139,13
DA:142,110
LF:40
LH:40
BRDA:62,0,0,12
BRDA:62,0,1,12
BRDA:63,1,0,12
BRDA:63,1,1,12
BRDA:64,2,0,12
BRDA:64,2,1,12
BRDA:65,3,0,12
BRDA:65,3,1,0
BRDA:89,4,0,6
BRDA:89,4,1,2
BRDA:89,5,0,8
BRDA:89,5,1,6
BRDA:96,6,0,1
BRDA:96,6,1,5
BRDA:100,7,0,1
BRDA:100,7,1,5
BRDA:101,8,0,1
BRDA:101,8,1,0
BRDA:121,9,0,9
BRDA:121,9,1,2
BRDA:121,10,0,11
BRDA:121,10,1,10
BRDA:122,11,0,9
BRDA:122,11,1,0
BRDA:123,12,0,9
BRDA:123,12,1,0
BRDA:138,13,0,0
BRDA:138,13,1,13
BRDA:139,14,0,0
BRDA:139,14,1,13
BRDA:146,15,0,110
BRDA:146,15,1,2
BRDA:153,16,0,110
BRDA:153,16,1,4
BRDA:174,17,0,110
BRDA:174,17,1,3
BRDA:192,18,0,110
BRDA:192,18,1,0
BRDA:209,19,0,110
BRDA:209,19,1,2
BRDA:226,20,0,110
BRDA:226,20,1,2
BRDA:243,21,0,110
BRDA:243,21,1,2
BRDA:260,22,0,110
BRDA:260,22,1,0
BRDA:276,23,0,110
BRDA:276,23,1,0
BRDA:293,24,0,110
BRDA:293,24,1,0
BRDA:302,25,0,15
BRDA:302,25,1,95
BRF:52
BRH:42
end_of_record
TN:
SF:src/components/PlayerSearch.tsx
FN:11,(anonymous_0)
FN:18,(anonymous_1)
FN:34,(anonymous_2)
FN:47,(anonymous_3)
FN:49,(anonymous_4)
FN:60,(anonymous_5)
FN:75,(anonymous_6)
FN:81,(anonymous_7)
FNF:8
FNH:8
FNDA:19,(anonymous_0)
FNDA:6,(anonymous_1)
FNDA:10,(anonymous_2)
FNDA:18,(anonymous_3)
FNDA:18,(anonymous_4)
FNDA:6,(anonymous_5)
FNDA:7,(anonymous_6)
FNDA:1,(anonymous_7)
DA:11,1
DA:12,19
DA:13,19
DA:14,19
DA:15,19
DA:17,19
DA:19,6
DA:20,0
DA:21,0
DA:24,6
DA:25,6
DA:27,6
DA:28,6
DA:29,5
DA:30,0
DA:33,5
DA:34,10
DA:36,5
DA:38,1
DA:39,1
DA:41,6
DA:47,19
DA:48,18
DA:49,18
DA:50,18
DA:54,19
DA:60,6
DA:76,7
DA:81,1
LF:29
LH:26
BRDA:11,0,0,16
BRDA:19,1,0,0
BRDA:19,1,1,6
BRDA:29,2,0,0
BRDA:29,2,1,5
BRDA:38,3,0,1
BRDA:38,3,1,0
BRDA:65,4,0,19
BRDA:65,4,1,1
BRDA:68,5,0,19
BRDA:68,5,1,1
BRDA:84,6,0,7
BRDA:84,6,1,0
BRDA:98,7,0,19
BRDA:98,7,1,15
BRDA:98,7,2,8
BRDA:98,7,3,7
BRF:17
BRH:13
end_of_record
TN:
SF:src/components/SpecialCardActions.tsx
FN:5,(anonymous_0)
FN:15,(anonymous_1)
FN:20,(anonymous_2)
FN:25,(anonymous_3)
FN:30,(anonymous_4)
FN:32,(anonymous_5)
FN:35,(anonymous_6)
FN:48,(anonymous_7)
FN:50,(anonymous_8)
FN:53,(anonymous_9)
FN:63,(anonymous_10)
FN:73,(anonymous_11)
FN:80,(anonymous_12)
FN:90,(anonymous_13)
FNF:14
FNH:14
FNDA:21,(anonymous_0)
FNDA:1,(anonymous_1)
FNDA:1,(anonymous_2)
FNDA:2,(anonymous_3)
FNDA:16,(anonymous_4)
FNDA:64,(anonymous_5)
FNDA:1,(anonymous_6)
FNDA:2,(anonymous_7)
FNDA:4,(anonymous_8)
FNDA:1,(anonymous_9)
FNDA:3,(anonymous_10)
FNDA:1,(anonymous_11)
FNDA:1,(anonymous_12)
FNDA:21,(anonymous_13)
DA:5,2
DA:15,21
DA:16,1
DA:17,1
DA:20,21
DA:21,1
DA:22,1
DA:25,21
DA:26,2
DA:27,2
DA:30,21
DA:31,16
DA:33,64
DA:35,1
DA:48,21
DA:49,2
DA:51,4
DA:53,1
DA:63,21
DA:64,3
DA:73,1
DA:80,1
DA:90,21
DA:91,21
DA:93,16
DA:98,2
DA:103,3
DA:108,0
DA:115,21
DA:117,21
LF:30
LH:29
BRDA:39,0,0,32
BRDA:39,0,1,32
BRDA:39,1,0,64
BRDA:39,1,1,48
BRDA:40,2,0,16
BRDA:40,2,1,48
BRDA:40,3,0,16
BRDA:40,3,1,32
BRDA:40,4,0,16
BRDA:40,4,1,16
BRDA:91,5,0,16
BRDA:91,5,1,2
BRDA:91,5,2,3
BRDA:91,5,3,0
BRF:14
BRH:13
end_of_record
TN:
SF:src/pages/_app.tsx
FN:12,App
FN:14,(anonymous_1)
FN:26,(anonymous_2)
FN:34,(anonymous_3)
FN:41,(anonymous_4)
FN:44,(anonymous_5)
FNF:6
FNH:3
FNDA:8,App
FNDA:8,(anonymous_1)
FNDA:2,(anonymous_2)
FNDA:0,(anonymous_3)
FNDA:0,(anonymous_4)
FNDA:0,(anonymous_5)
DA:10,1
DA:14,8
DA:16,8
DA:19,8
DA:20,8
DA:21,2
DA:25,8
DA:28,2
DA:29,2
DA:30,1
DA:32,2
DA:35,0
DA:40,8
DA:42,0
DA:45,0
DA:48,0
DA:49,0
DA:51,0
DA:52,0
DA:53,0
DA:54,0
DA:55,0
DA:59,0
DA:61,0
DA:62,0
DA:63,0
DA:66,0
DA:69,0
DA:72,0
DA:73,0
DA:75,0
DA:76,0
DA:78,0
DA:83,0
DA:84,0
DA:85,0
DA:90,0
DA:91,0
DA:95,0
DA:97,0
DA:98,0
DA:99,0
DA:102,0
DA:104,0
DA:108,0
DA:109,0
DA:112,0
DA:117,8
LF:48
LH:13
BRDA:20,0,0,2
BRDA:20,0,1,6
BRDA:29,1,0,1
BRDA:29,1,1,1
BRDA:48,2,0,0
BRDA:48,2,1,0
BRDA:48,3,0,0
BRDA:48,3,1,0
BRDA:53,4,0,0
BRDA:53,4,1,0
BRDA:59,5,0,0
BRDA:59,5,1,0
BRDA:72,6,0,0
BRDA:72,6,1,0
BRDA:73,7,0,0
BRDA:73,7,1,0
BRDA:76,8,0,0
BRDA:76,8,1,0
BRDA:83,9,0,0
BRDA:83,9,1,0
BRDA:90,10,0,0
BRDA:90,10,1,0
BRDA:97,11,0,0
BRDA:97,11,1,0
BRDA:102,12,0,0
BRDA:102,12,1,0
BRDA:108,13,0,0
BRDA:108,13,1,0
BRDA:120,14,0,8
BRDA:120,14,1,1
BRF:30
BRH:6
end_of_record
TN:
SF:src/pages/dashboard.tsx
FN:6,(anonymous_0)
FN:12,(anonymous_1)
FN:19,(anonymous_2)
FN:39,(anonymous_3)
FN:63,(anonymous_4)
FN:110,(anonymous_5)
FN:116,(anonymous_6)
FN:190,(anonymous_7)
FNF:8
FNH:6
FNDA:14,(anonymous_0)
FNDA:8,(anonymous_1)
FNDA:7,(anonymous_2)
FNDA:1,(anonymous_3)
FNDA:1,(anonymous_4)
FNDA:0,(anonymous_5)
FNDA:0,(anonymous_6)
FNDA:1,(anonymous_7)
DA:6,1
DA:7,14
DA:8,14
DA:9,14
DA:10,14
DA:12,14
DA:14,8
DA:15,1
DA:16,1
DA:19,7
DA:20,7
DA:22,7
DA:23,7
DA:28,4
DA:29,4
DA:31,2
DA:34,2
DA:35,2
DA:36,1
DA:37,1
DA:39,1
DA:40,1
DA:42,1
DA:44,1
DA:45,1
DA:48,0
DA:51,0
DA:54,0
DA:56,2
DA:60,7
DA:63,14
DA:64,1
DA:65,1
DA:68,1
DA:69,1
DA:70,1
DA:79,0
DA:84,1
DA:85,1
DA:87,1
DA:89,0
DA:90,0
DA:94,14
DA:95,8
DA:102,6
DA:103,1
DA:110,0
DA:117,0
DA:118,0
DA:130,5
DA:190,1
LF:51
LH:42
BRDA:14,0,0,1
BRDA:14,0,1,7
BRDA:34,1,0,2
BRDA:34,1,1,0
BRDA:35,2,0,1
BRDA:35,2,1,1
BRDA:42,3,0,1
BRDA:42,3,1,0
BRDA:48,4,0,0
BRDA:48,4,1,0
BRDA:48,4,2,0
BRDA:68,5,0,1
BRDA:68,5,1,0
BRDA:94,6,0,8
BRDA:94,6,1,6
BRDA:102,7,0,1
BRDA:102,7,1,5
BRDA:147,8,0,5
BRDA:147,8,1,1
BRDA:147,8,2,1
BRDA:153,9,0,5
BRDA:153,9,1,1
BRDA:154,10,0,5
BRDA:154,10,1,1
BRDA:155,11,0,5
BRDA:155,11,1,1
BRDA:156,12,0,5
BRDA:156,12,1,4
BRDA:158,13,0,4
BRDA:158,13,1,0
BRDA:167,14,0,5
BRDA:167,14,1,1
BRDA:168,15,0,5
BRDA:168,15,1,1
BRDA:169,16,0,5
BRDA:169,16,1,1
BRDA:172,17,0,4
BRDA:172,17,1,1
BRF:38
BRH:31
end_of_record
TN:
SF:src/pages/index.tsx
FN:5,(anonymous_0)
FNF:1
FNH:1
FNDA:5,(anonymous_0)
DA:5,2
DA:6,5
LF:2
LH:2
BRF:0
BRH:0
end_of_record
TN:
SF:src/pages/login.tsx
FN:5,(anonymous_0)
FNF:1
FNH:1
FNDA:8,(anonymous_0)
DA:5,1
DA:6,8
LF:2
LH:2
BRF:0
BRH:0
end_of_record
TN:
SF:src/pages/register.tsx
FN:5,(anonymous_0)
FNF:1
FNH:1
FNDA:9,(anonymous_0)
DA:5,1
DA:6,9
LF:2
LH:2
BRF:0
BRH:0
end_of_record
TN:
SF:src/pages/game/start.tsx
FN:24,(anonymous_0)
FN:40,(anonymous_1)
FN:51,(anonymous_2)
FN:72,(anonymous_3)
FN:77,(anonymous_4)
FN:94,(anonymous_5)
FN:112,(anonymous_6)
FN:121,(anonymous_7)
FN:122,(anonymous_8)
FN:125,(anonymous_9)
FN:174,(anonymous_10)
FN:192,(anonymous_11)
FN:196,(anonymous_12)
FN:221,(anonymous_13)
FN:240,(anonymous_14)
FNF:15
FNH:4
FNDA:34,(anonymous_0)
FNDA:26,(anonymous_1)
FNDA:25,(anonymous_2)
FNDA:13,(anonymous_3)
FNDA:0,(anonymous_4)
FNDA:0,(anonymous_5)
FNDA:0,(anonymous_6)
FNDA:0,(anonymous_7)
FNDA:0,(anonymous_8)
FNDA:0,(anonymous_9)
FNDA:0,(anonymous_10)
FNDA:0,(anonymous_11)
FNDA:0,(anonymous_12)
FNDA:0,(anonymous_13)
FNDA:0,(anonymous_14)
DA:24,1
DA:25,34
DA:26,34
DA:27,33
DA:28,33
DA:29,33
DA:30,33
DA:31,33
DA:38,33
DA:40,33
DA:42,26
DA:43,1
DA:44,1
DA:48,25
DA:51,33
DA:52,25
DA:53,25
DA:54,25
DA:55,25
DA:64,25
DA:66,25
DA:68,25
DA:69,25
DA:71,25
DA:72,25
DA:76,0
DA:77,0
DA:84,0
DA:85,0
DA:93,0
DA:94,0
DA:100,0
DA:102,0
DA:103,0
DA:111,0
DA:112,0
DA:117,25
DA:121,33
DA:122,0
DA:125,33
DA:126,0
DA:127,0
DA:129,0
DA:130,0
DA:131,0
DA:132,0
DA:135,0
DA:136,0
DA:137,0
DA:153,0
DA:155,0
DA:156,0
DA:158,0
DA:161,0
DA:162,0
DA:164,0
DA:165,0
DA:169,0
DA:170,0
DA:174,33
DA:175,0
DA:176,0
DA:177,0
DA:180,0
DA:181,0
DA:182,0
DA:193,0
DA:196,0
DA:206,0
DA:209,0
DA:210,0
DA:212,0
DA:213,0
DA:217,0
DA:221,33
DA:222,0
DA:223,0
DA:224,0
DA:227,0
DA:228,0
DA:230,0
DA:231,0
DA:232,0
DA:241,0
DA:244,0
DA:247,0
DA:250,0
DA:251,0
DA:253,0
DA:254,0
DA:258,0
DA:259,0
DA:263,33
LF:93
LH:31
BRDA:42,0,0,1
BRDA:42,0,1,25
BRDA:66,1,0,25
BRDA:66,1,1,0
BRDA:68,2,0,25
BRDA:68,2,1,0
BRDA:68,3,0,25
BRDA:68,3,1,25
BRDA:68,3,2,0
BRDA:69,4,0,25
BRDA:69,4,1,0
BRDA:71,5,0,25
BRDA:71,5,1,0
BRDA:71,6,0,25
BRDA:71,6,1,25
BRDA:76,7,0,0
BRDA:76,7,1,0
BRDA:129,8,0,0
BRDA:129,8,1,0
BRDA:155,9,0,0
BRDA:155,9,1,0
BRDA:162,10,0,0
BRDA:162,10,1,0
BRDA:162,11,0,0
BRDA:162,11,1,0
BRDA:164,12,0,0
BRDA:164,12,1,0
BRDA:164,13,0,0
BRDA:164,13,1,0
BRDA:175,14,0,0
BRDA:175,14,1,0
BRDA:200,15,0,0
BRDA:200,15,1,0
BRDA:201,16,0,0
BRDA:201,16,1,0
BRDA:210,17,0,0
BRDA:210,17,1,0
BRDA:210,18,0,0
BRDA:210,18,1,0
BRDA:212,19,0,0
BRDA:212,19,1,0
BRDA:212,20,0,0
BRDA:212,20,1,0
BRDA:222,21,0,0
BRDA:222,21,1,0
BRDA:251,22,0,0
BRDA:251,22,1,0
BRDA:251,23,0,0
BRDA:251,23,1,0
BRDA:253,24,0,0
BRDA:253,24,1,0
BRDA:253,25,0,0
BRDA:253,25,1,0
BRDA:273,26,0,33
BRDA:273,26,1,0
BRDA:294,27,0,33
BRDA:294,27,1,33
BRDA:297,28,0,33
BRDA:297,28,1,33
BRDA:297,28,2,8
BRDA:301,29,0,0
BRDA:301,29,1,33
BRDA:301,30,0,25
BRDA:301,30,1,8
BRDA:307,31,0,33
BRDA:307,31,1,0
BRDA:316,32,0,33
BRDA:316,32,1,0
BRDA:328,33,0,33
BRDA:328,33,1,0
BRDA:328,33,2,0
BRDA:339,34,0,33
BRDA:339,34,1,0
BRDA:347,35,0,0
BRDA:347,35,1,0
BRF:75
BRH:23
end_of_record
TN:
SF:src/services/api.ts
FN:46,(anonymous_0)
FN:79,(anonymous_1)
FN:86,(anonymous_2)
FN:92,(anonymous_3)
FN:99,(anonymous_4)
FN:115,(anonymous_5)
FN:121,(anonymous_6)
FN:127,(anonymous_7)
FN:132,(anonymous_8)
FN:137,(anonymous_9)
FNF:10
FNH:8
FNDA:7,(anonymous_0)
FNDA:1,(anonymous_1)
FNDA:1,(anonymous_2)
FNDA:0,(anonymous_3)
FNDA:1,(anonymous_4)
FNDA:1,(anonymous_5)
FNDA:1,(anonymous_6)
FNDA:2,(anonymous_7)
FNDA:0,(anonymous_8)
FNDA:2,(anonymous_9)
DA:3,2
DA:50,7
DA:51,7
DA:52,7
DA:58,7
DA:63,7
DA:64,1
DA:65,1
DA:68,6
DA:69,6
DA:71,1
DA:80,1
DA:87,1
DA:93,0
DA:105,1
DA:116,1
DA:122,1
DA:128,2
DA:133,0
DA:138,2
LF:20
LH:18
BRDA:3,0,0,2
BRDA:3,0,1,0
BRDA:48,1,0,2
BRDA:54,2,0,7
BRDA:54,2,1,7
BRDA:63,3,0,1
BRDA:63,3,1,6
BRDA:65,4,0,1
BRDA:65,4,1,0
BRDA:73,5,0,1
BRDA:73,5,1,0
BRF:11
BRH:8
end_of_record
TN:
SF:src/types/game.ts
FNF:0
FNH:0
LF:0
LH:0
BRF:0
BRH:0
end_of_record
TN:
SF:src/utils/auth.ts
FN:6,(anonymous_0)
FN:14,(anonymous_1)
FN:21,(anonymous_2)
FN:28,(anonymous_3)
FN:36,(anonymous_4)
FN:43,(anonymous_5)
FN:54,(anonymous_6)
FN:65,(anonymous_7)
FNF:8
FNH:8
FNDA:1,(anonymous_0)
FNDA:4,(anonymous_1)
FNDA:2,(anonymous_2)
FNDA:2,(anonymous_3)
FNDA:2,(anonymous_4)
FNDA:1,(anonymous_5)
FNDA:2,(anonymous_6)
FNDA:1,(anonymous_7)
DA:6,1
DA:7,1
DA:8,1
DA:14,1
DA:15,4
DA:21,1
DA:22,2
DA:28,1
DA:29,2
DA:30,2
DA:36,1
DA:37,2
DA:43,1
DA:44,1
DA:46,1
DA:47,1
DA:54,1
DA:55,2
DA:57,2
DA:58,2
DA:65,1
DA:66,1
DA:67,1
LF:23
LH:23
BRDA:44,0,0,1
BRDA:44,0,1,0
BRDA:55,1,0,2
BRDA:55,1,1,0
BRF:4
BRH:2
end_of_record
